{
  "/Users/veronikakashlei/Desktop/rs-react-app/src/App.tsx": {
    "path": "/Users/veronikakashlei/Desktop/rs-react-app/src/App.tsx",
    "all": false,
    "statementMap": {
      "0": {
        "start": { "line": 1, "column": 0 },
        "end": { "line": 1, "column": 34 }
      },
      "1": {
        "start": { "line": 2, "column": 0 },
        "end": { "line": 2, "column": 19 }
      },
      "3": {
        "start": { "line": 4, "column": 0 },
        "end": { "line": 4, "column": 48 }
      },
      "4": {
        "start": { "line": 5, "column": 0 },
        "end": { "line": 5, "column": 56 }
      },
      "5": {
        "start": { "line": 6, "column": 0 },
        "end": { "line": 6, "column": 68 }
      },
      "16": {
        "start": { "line": 17, "column": 0 },
        "end": { "line": 17, "column": 49 }
      },
      "17": {
        "start": { "line": 18, "column": 0 },
        "end": { "line": 18, "column": 32 }
      },
      "18": {
        "start": { "line": 19, "column": 0 },
        "end": { "line": 19, "column": 17 }
      },
      "19": {
        "start": { "line": 20, "column": 0 },
        "end": { "line": 20, "column": 18 }
      },
      "20": {
        "start": { "line": 21, "column": 0 },
        "end": { "line": 21, "column": 18 }
      },
      "21": {
        "start": { "line": 22, "column": 0 },
        "end": { "line": 22, "column": 21 }
      },
      "22": {
        "start": { "line": 23, "column": 0 },
        "end": { "line": 23, "column": 18 }
      },
      "23": {
        "start": { "line": 24, "column": 0 },
        "end": { "line": 24, "column": 30 }
      },
      "24": {
        "start": { "line": 25, "column": 0 },
        "end": { "line": 25, "column": 6 }
      },
      "25": {
        "start": { "line": 26, "column": 0 },
        "end": { "line": 26, "column": 53 }
      },
      "26": {
        "start": { "line": 27, "column": 0 },
        "end": { "line": 27, "column": 3 }
      },
      "27": {
        "start": { "line": 28, "column": 0 },
        "end": { "line": 28, "column": 26 }
      },
      "28": {
        "start": { "line": 29, "column": 0 },
        "end": { "line": 29, "column": 46 }
      },
      "29": {
        "start": { "line": 30, "column": 0 },
        "end": { "line": 30, "column": 4 }
      },
      "30": {
        "start": { "line": 31, "column": 0 },
        "end": { "line": 31, "column": 29 }
      },
      "31": {
        "start": { "line": 32, "column": 0 },
        "end": { "line": 32, "column": 54 }
      },
      "32": {
        "start": { "line": 33, "column": 0 },
        "end": { "line": 33, "column": 29 }
      },
      "33": {
        "start": { "line": 34, "column": 0 },
        "end": { "line": 34, "column": 3 }
      },
      "34": {
        "start": { "line": 35, "column": 0 },
        "end": { "line": 35, "column": 37 }
      },
      "35": {
        "start": { "line": 36, "column": 0 },
        "end": { "line": 36, "column": 41 }
      },
      "36": {
        "start": { "line": 37, "column": 0 },
        "end": { "line": 37, "column": 50 }
      },
      "37": {
        "start": { "line": 38, "column": 0 },
        "end": { "line": 38, "column": 9 }
      },
      "38": {
        "start": { "line": 39, "column": 0 },
        "end": { "line": 39, "column": 37 }
      },
      "39": {
        "start": { "line": 40, "column": 0 },
        "end": { "line": 40, "column": 21 }
      },
      "40": {
        "start": { "line": 41, "column": 0 },
        "end": { "line": 41, "column": 21 }
      },
      "41": {
        "start": { "line": 42, "column": 0 },
        "end": { "line": 42, "column": 14 }
      },
      "42": {
        "start": { "line": 43, "column": 0 },
        "end": { "line": 43, "column": 77 }
      },
      "43": {
        "start": { "line": 44, "column": 0 },
        "end": { "line": 44, "column": 20 }
      },
      "44": {
        "start": { "line": 45, "column": 0 },
        "end": { "line": 45, "column": 9 }
      },
      "45": {
        "start": { "line": 46, "column": 0 },
        "end": { "line": 46, "column": 15 }
      },
      "46": {
        "start": { "line": 47, "column": 0 },
        "end": { "line": 47, "column": 40 }
      },
      "47": {
        "start": { "line": 48, "column": 0 },
        "end": { "line": 48, "column": 5 }
      },
      "48": {
        "start": { "line": 49, "column": 0 },
        "end": { "line": 49, "column": 3 }
      },
      "49": {
        "start": { "line": 50, "column": 0 },
        "end": { "line": 50, "column": 42 }
      },
      "50": {
        "start": { "line": 51, "column": 0 },
        "end": { "line": 51, "column": 21 }
      },
      "51": {
        "start": { "line": 52, "column": 0 },
        "end": { "line": 52, "column": 73 }
      },
      "52": {
        "start": { "line": 53, "column": 0 },
        "end": { "line": 53, "column": 53 }
      },
      "54": {
        "start": { "line": 55, "column": 0 },
        "end": { "line": 55, "column": 38 }
      },
      "56": {
        "start": { "line": 57, "column": 0 },
        "end": { "line": 57, "column": 23 }
      },
      "57": {
        "start": { "line": 58, "column": 0 },
        "end": { "line": 58, "column": 22 }
      },
      "58": {
        "start": { "line": 59, "column": 0 },
        "end": { "line": 59, "column": 30 }
      },
      "59": {
        "start": { "line": 60, "column": 0 },
        "end": { "line": 60, "column": 26 }
      },
      "60": {
        "start": { "line": 61, "column": 0 },
        "end": { "line": 61, "column": 35 }
      },
      "61": {
        "start": { "line": 62, "column": 0 },
        "end": { "line": 62, "column": 33 }
      },
      "62": {
        "start": { "line": 63, "column": 0 },
        "end": { "line": 63, "column": 36 }
      },
      "63": {
        "start": { "line": 64, "column": 0 },
        "end": { "line": 64, "column": 8 }
      },
      "64": {
        "start": { "line": 65, "column": 0 },
        "end": { "line": 65, "column": 5 }
      },
      "66": {
        "start": { "line": 67, "column": 0 },
        "end": { "line": 67, "column": 39 }
      },
      "67": {
        "start": { "line": 68, "column": 0 },
        "end": { "line": 68, "column": 19 }
      },
      "68": {
        "start": { "line": 69, "column": 0 },
        "end": { "line": 69, "column": 52 }
      },
      "69": {
        "start": { "line": 70, "column": 0 },
        "end": { "line": 70, "column": 18 }
      },
      "70": {
        "start": { "line": 71, "column": 0 },
        "end": { "line": 71, "column": 7 }
      },
      "71": {
        "start": { "line": 72, "column": 0 },
        "end": { "line": 72, "column": 3 }
      },
      "72": {
        "start": { "line": 73, "column": 0 },
        "end": { "line": 73, "column": 12 }
      },
      "73": {
        "start": { "line": 74, "column": 0 },
        "end": { "line": 74, "column": 38 }
      },
      "74": {
        "start": { "line": 75, "column": 0 },
        "end": { "line": 75, "column": 62 }
      },
      "75": {
        "start": { "line": 76, "column": 0 },
        "end": { "line": 76, "column": 5 }
      },
      "77": {
        "start": { "line": 78, "column": 0 },
        "end": { "line": 78, "column": 51 }
      },
      "79": {
        "start": { "line": 80, "column": 0 },
        "end": { "line": 80, "column": 12 }
      },
      "80": {
        "start": { "line": 81, "column": 0 },
        "end": { "line": 81, "column": 31 }
      },
      "81": {
        "start": { "line": 82, "column": 0 },
        "end": { "line": 82, "column": 15 }
      },
      "82": {
        "start": { "line": 83, "column": 0 },
        "end": { "line": 83, "column": 38 }
      },
      "83": {
        "start": { "line": 84, "column": 0 },
        "end": { "line": 84, "column": 60 }
      },
      "84": {
        "start": { "line": 85, "column": 0 },
        "end": { "line": 85, "column": 10 }
      },
      "85": {
        "start": { "line": 86, "column": 0 },
        "end": { "line": 86, "column": 60 }
      },
      "86": {
        "start": { "line": 87, "column": 0 },
        "end": { "line": 87, "column": 60 }
      },
      "87": {
        "start": { "line": 88, "column": 0 },
        "end": { "line": 88, "column": 19 }
      },
      "88": {
        "start": { "line": 89, "column": 0 },
        "end": { "line": 89, "column": 41 }
      },
      "89": {
        "start": { "line": 90, "column": 0 },
        "end": { "line": 90, "column": 47 }
      },
      "90": {
        "start": { "line": 91, "column": 0 },
        "end": { "line": 91, "column": 26 }
      },
      "91": {
        "start": { "line": 92, "column": 0 },
        "end": { "line": 92, "column": 70 }
      },
      "92": {
        "start": { "line": 93, "column": 0 },
        "end": { "line": 93, "column": 16 }
      },
      "93": {
        "start": { "line": 94, "column": 0 },
        "end": { "line": 94, "column": 15 }
      },
      "94": {
        "start": { "line": 95, "column": 0 },
        "end": { "line": 95, "column": 65 }
      },
      "95": {
        "start": { "line": 96, "column": 0 },
        "end": { "line": 96, "column": 12 }
      },
      "97": {
        "start": { "line": 98, "column": 0 },
        "end": { "line": 98, "column": 3 }
      },
      "98": {
        "start": { "line": 99, "column": 0 },
        "end": { "line": 99, "column": 1 }
      },
      "100": {
        "start": { "line": 101, "column": 0 },
        "end": { "line": 101, "column": 19 }
      }
    },
    "s": {
      "0": 1,
      "1": 1,
      "3": 1,
      "4": 1,
      "5": 1,
      "16": 1,
      "17": 11,
      "18": 12,
      "19": 12,
      "20": 12,
      "21": 12,
      "22": 12,
      "23": 12,
      "24": 12,
      "25": 12,
      "26": 12,
      "27": 11,
      "28": 3,
      "29": 3,
      "30": 11,
      "31": 11,
      "32": 11,
      "33": 11,
      "34": 11,
      "35": 11,
      "36": 11,
      "37": 11,
      "38": 11,
      "39": 3,
      "40": 3,
      "41": 3,
      "42": 3,
      "43": 3,
      "44": 3,
      "45": 6,
      "46": 6,
      "47": 6,
      "48": 11,
      "49": 11,
      "50": 11,
      "51": 1,
      "52": 10,
      "54": 11,
      "56": 6,
      "57": 3,
      "58": 3,
      "59": 1,
      "60": 2,
      "61": 1,
      "62": 1,
      "63": 3,
      "64": 3,
      "66": 3,
      "67": 3,
      "68": 11,
      "69": 11,
      "70": 11,
      "71": 11,
      "72": 11,
      "73": 31,
      "74": 6,
      "75": 6,
      "77": 25,
      "79": 25,
      "80": 25,
      "81": 25,
      "82": 25,
      "83": 25,
      "84": 31,
      "85": 31,
      "86": 31,
      "87": 31,
      "88": 3,
      "89": 3,
      "90": 3,
      "91": 3,
      "92": 3,
      "93": 31,
      "94": 31,
      "95": 31,
      "97": 31,
      "98": 11,
      "100": 1
    },
    "branchMap": {
      "0": {
        "type": "branch",
        "line": 17,
        "loc": {
          "start": { "line": 17, "column": 48 },
          "end": { "line": 99, "column": 1 }
        },
        "locations": [
          {
            "start": { "line": 17, "column": 48 },
            "end": { "line": 99, "column": 1 }
          }
        ]
      },
      "1": {
        "type": "branch",
        "line": 18,
        "loc": {
          "start": { "line": 18, "column": 2 },
          "end": { "line": 27, "column": 3 }
        },
        "locations": [
          {
            "start": { "line": 18, "column": 2 },
            "end": { "line": 27, "column": 3 }
          }
        ]
      },
      "2": {
        "type": "branch",
        "line": 28,
        "loc": {
          "start": { "line": 28, "column": 19 },
          "end": { "line": 30, "column": 4 }
        },
        "locations": [
          {
            "start": { "line": 28, "column": 19 },
            "end": { "line": 30, "column": 4 }
          }
        ]
      },
      "3": {
        "type": "branch",
        "line": 31,
        "loc": {
          "start": { "line": 31, "column": 2 },
          "end": { "line": 34, "column": 3 }
        },
        "locations": [
          {
            "start": { "line": 31, "column": 2 },
            "end": { "line": 34, "column": 3 }
          }
        ]
      },
      "4": {
        "type": "branch",
        "line": 32,
        "loc": {
          "start": { "line": 32, "column": 46 },
          "end": { "line": 32, "column": 54 }
        },
        "locations": [
          {
            "start": { "line": 32, "column": 46 },
            "end": { "line": 32, "column": 54 }
          }
        ]
      },
      "5": {
        "type": "branch",
        "line": 35,
        "loc": {
          "start": { "line": 35, "column": 2 },
          "end": { "line": 49, "column": 3 }
        },
        "locations": [
          {
            "start": { "line": 35, "column": 2 },
            "end": { "line": 49, "column": 3 }
          }
        ]
      },
      "6": {
        "type": "branch",
        "line": 39,
        "loc": {
          "start": { "line": 39, "column": 35 },
          "end": { "line": 48, "column": 5 }
        },
        "locations": [
          {
            "start": { "line": 39, "column": 35 },
            "end": { "line": 48, "column": 5 }
          }
        ]
      },
      "7": {
        "type": "branch",
        "line": 39,
        "loc": {
          "start": { "line": 39, "column": 35 },
          "end": { "line": 46, "column": 6 }
        },
        "locations": [
          {
            "start": { "line": 39, "column": 35 },
            "end": { "line": 46, "column": 6 }
          }
        ]
      },
      "8": {
        "type": "branch",
        "line": 43,
        "loc": {
          "start": { "line": 43, "column": 41 },
          "end": { "line": 43, "column": 77 }
        },
        "locations": [
          {
            "start": { "line": 43, "column": 41 },
            "end": { "line": 43, "column": 77 }
          }
        ]
      },
      "9": {
        "type": "branch",
        "line": 50,
        "loc": {
          "start": { "line": 50, "column": 2 },
          "end": { "line": 72, "column": 3 }
        },
        "locations": [
          {
            "start": { "line": 50, "column": 2 },
            "end": { "line": 72, "column": 3 }
          }
        ]
      },
      "10": {
        "type": "branch",
        "line": 51,
        "loc": {
          "start": { "line": 51, "column": 16 },
          "end": { "line": 52, "column": 73 }
        },
        "locations": [
          {
            "start": { "line": 51, "column": 16 },
            "end": { "line": 52, "column": 73 }
          }
        ]
      },
      "11": {
        "type": "branch",
        "line": 52,
        "loc": {
          "start": { "line": 52, "column": 71 },
          "end": { "line": 53, "column": 53 }
        },
        "locations": [
          {
            "start": { "line": 52, "column": 71 },
            "end": { "line": 53, "column": 53 }
          }
        ]
      },
      "12": {
        "type": "branch",
        "line": 55,
        "loc": {
          "start": { "line": 55, "column": 36 },
          "end": { "line": 69, "column": 45 }
        },
        "locations": [
          {
            "start": { "line": 55, "column": 36 },
            "end": { "line": 69, "column": 45 }
          }
        ]
      },
      "13": {
        "type": "branch",
        "line": 57,
        "loc": {
          "start": { "line": 57, "column": 22 },
          "end": { "line": 69, "column": 30 }
        },
        "locations": [
          {
            "start": { "line": 57, "column": 22 },
            "end": { "line": 69, "column": 30 }
          }
        ]
      },
      "14": {
        "type": "branch",
        "line": 59,
        "loc": {
          "start": { "line": 59, "column": 27 },
          "end": { "line": 60, "column": 26 }
        },
        "locations": [
          {
            "start": { "line": 59, "column": 27 },
            "end": { "line": 60, "column": 26 }
          }
        ]
      },
      "15": {
        "type": "branch",
        "line": 60,
        "loc": {
          "start": { "line": 60, "column": 12 },
          "end": { "line": 63, "column": 36 }
        },
        "locations": [
          {
            "start": { "line": 60, "column": 12 },
            "end": { "line": 63, "column": 36 }
          }
        ]
      },
      "16": {
        "type": "branch",
        "line": 61,
        "loc": {
          "start": { "line": 61, "column": 32 },
          "end": { "line": 62, "column": 33 }
        },
        "locations": [
          {
            "start": { "line": 61, "column": 32 },
            "end": { "line": 62, "column": 33 }
          }
        ]
      },
      "17": {
        "type": "branch",
        "line": 62,
        "loc": {
          "start": { "line": 62, "column": 14 },
          "end": { "line": 63, "column": 36 }
        },
        "locations": [
          {
            "start": { "line": 62, "column": 14 },
            "end": { "line": 63, "column": 36 }
          }
        ]
      },
      "18": {
        "type": "branch",
        "line": 69,
        "loc": {
          "start": { "line": 69, "column": 20 },
          "end": { "line": 69, "column": 45 }
        },
        "locations": [
          {
            "start": { "line": 69, "column": 20 },
            "end": { "line": 69, "column": 45 }
          }
        ]
      },
      "19": {
        "type": "branch",
        "line": 69,
        "loc": {
          "start": { "line": 69, "column": 35 },
          "end": { "line": 69, "column": 52 }
        },
        "locations": [
          {
            "start": { "line": 69, "column": 35 },
            "end": { "line": 69, "column": 52 }
          }
        ]
      },
      "20": {
        "type": "branch",
        "line": 73,
        "loc": {
          "start": { "line": 73, "column": 2 },
          "end": { "line": 98, "column": 3 }
        },
        "locations": [
          {
            "start": { "line": 73, "column": 2 },
            "end": { "line": 98, "column": 3 }
          }
        ]
      },
      "21": {
        "type": "branch",
        "line": 74,
        "loc": {
          "start": { "line": 74, "column": 37 },
          "end": { "line": 76, "column": 5 }
        },
        "locations": [
          {
            "start": { "line": 74, "column": 37 },
            "end": { "line": 76, "column": 5 }
          }
        ]
      },
      "22": {
        "type": "branch",
        "line": 76,
        "loc": {
          "start": { "line": 76, "column": 4 },
          "end": { "line": 84, "column": 60 }
        },
        "locations": [
          {
            "start": { "line": 76, "column": 4 },
            "end": { "line": 84, "column": 60 }
          }
        ]
      },
      "23": {
        "type": "branch",
        "line": 84,
        "loc": {
          "start": { "line": 84, "column": 52 },
          "end": { "line": 84, "column": 60 }
        },
        "locations": [
          {
            "start": { "line": 84, "column": 52 },
            "end": { "line": 84, "column": 60 }
          }
        ]
      },
      "24": {
        "type": "branch",
        "line": 87,
        "loc": {
          "start": { "line": 87, "column": 9 },
          "end": { "line": 87, "column": 60 }
        },
        "locations": [
          {
            "start": { "line": 87, "column": 9 },
            "end": { "line": 87, "column": 60 }
          }
        ]
      },
      "25": {
        "type": "branch",
        "line": 88,
        "loc": {
          "start": { "line": 88, "column": 9 },
          "end": { "line": 93, "column": 16 }
        },
        "locations": [
          {
            "start": { "line": 88, "column": 9 },
            "end": { "line": 93, "column": 16 }
          }
        ]
      },
      "26": {
        "type": "branch",
        "line": 95,
        "loc": {
          "start": { "line": 95, "column": 10 },
          "end": { "line": 95, "column": 31 }
        },
        "locations": [
          {
            "start": { "line": 95, "column": 10 },
            "end": { "line": 95, "column": 31 }
          }
        ]
      },
      "27": {
        "type": "branch",
        "line": 95,
        "loc": {
          "start": { "line": 95, "column": 22 },
          "end": { "line": 95, "column": 65 }
        },
        "locations": [
          {
            "start": { "line": 95, "column": 22 },
            "end": { "line": 95, "column": 65 }
          }
        ]
      }
    },
    "b": {
      "0": [11],
      "1": [12],
      "2": [3],
      "3": [11],
      "4": [10],
      "5": [11],
      "6": [6],
      "7": [3],
      "8": [0],
      "9": [11],
      "10": [1],
      "11": [10],
      "12": [6],
      "13": [3],
      "14": [1],
      "15": [2],
      "16": [1],
      "17": [1],
      "18": [2],
      "19": [1],
      "20": [31],
      "21": [6],
      "22": [25],
      "23": [23],
      "24": [11],
      "25": [3],
      "26": [14],
      "27": [11]
    },
    "fnMap": {
      "0": {
        "name": "<instance_members_initializer>",
        "decl": {
          "start": { "line": 17, "column": 48 },
          "end": { "line": 99, "column": 1 }
        },
        "loc": {
          "start": { "line": 17, "column": 48 },
          "end": { "line": 99, "column": 1 }
        },
        "line": 17
      },
      "1": {
        "name": "App",
        "decl": {
          "start": { "line": 18, "column": 2 },
          "end": { "line": 27, "column": 3 }
        },
        "loc": {
          "start": { "line": 18, "column": 2 },
          "end": { "line": 27, "column": 3 }
        },
        "line": 18
      },
      "2": {
        "name": "throwTestError",
        "decl": {
          "start": { "line": 28, "column": 19 },
          "end": { "line": 30, "column": 4 }
        },
        "loc": {
          "start": { "line": 28, "column": 19 },
          "end": { "line": 30, "column": 4 }
        },
        "line": 28
      },
      "3": {
        "name": "componentDidMount",
        "decl": {
          "start": { "line": 31, "column": 2 },
          "end": { "line": 34, "column": 3 }
        },
        "loc": {
          "start": { "line": 31, "column": 2 },
          "end": { "line": 34, "column": 3 }
        },
        "line": 31
      },
      "4": {
        "name": "handleSearch",
        "decl": {
          "start": { "line": 35, "column": 2 },
          "end": { "line": 49, "column": 3 }
        },
        "loc": {
          "start": { "line": 35, "column": 2 },
          "end": { "line": 49, "column": 3 }
        },
        "line": 35
      },
      "5": {
        "name": "fetchPokemon",
        "decl": {
          "start": { "line": 50, "column": 2 },
          "end": { "line": 72, "column": 3 }
        },
        "loc": {
          "start": { "line": 50, "column": 2 },
          "end": { "line": 72, "column": 3 }
        },
        "line": 50
      },
      "6": {
        "name": "render",
        "decl": {
          "start": { "line": 73, "column": 2 },
          "end": { "line": 98, "column": 3 }
        },
        "loc": {
          "start": { "line": 73, "column": 2 },
          "end": { "line": 98, "column": 3 }
        },
        "line": 73
      }
    },
    "f": { "0": 11, "1": 12, "2": 3, "3": 11, "4": 11, "5": 11, "6": 31 }
  },
  "/Users/veronikakashlei/Desktop/rs-react-app/src/components/error/ErrorBoundary.tsx": {
    "path": "/Users/veronikakashlei/Desktop/rs-react-app/src/components/error/ErrorBoundary.tsx",
    "all": false,
    "statementMap": {
      "0": {
        "start": { "line": 1, "column": 0 },
        "end": { "line": 1, "column": 56 }
      },
      "12": {
        "start": { "line": 13, "column": 0 },
        "end": { "line": 13, "column": 45 }
      },
      "15": {
        "start": { "line": 16, "column": 0 },
        "end": { "line": 16, "column": 3 }
      },
      "16": {
        "start": { "line": 17, "column": 0 },
        "end": { "line": 17, "column": 42 }
      },
      "17": {
        "start": { "line": 18, "column": 0 },
        "end": { "line": 18, "column": 17 }
      },
      "18": {
        "start": { "line": 19, "column": 0 },
        "end": { "line": 19, "column": 50 }
      },
      "19": {
        "start": { "line": 20, "column": 0 },
        "end": { "line": 20, "column": 3 }
      },
      "21": {
        "start": { "line": 22, "column": 0 },
        "end": { "line": 22, "column": 69 }
      },
      "22": {
        "start": { "line": 23, "column": 0 },
        "end": { "line": 23, "column": 37 }
      },
      "23": {
        "start": { "line": 24, "column": 0 },
        "end": { "line": 24, "column": 3 }
      },
      "25": {
        "start": { "line": 26, "column": 0 },
        "end": { "line": 26, "column": 57 }
      },
      "26": {
        "start": { "line": 27, "column": 0 },
        "end": { "line": 27, "column": 65 }
      },
      "27": {
        "start": { "line": 28, "column": 0 },
        "end": { "line": 28, "column": 3 }
      },
      "29": {
        "start": { "line": 30, "column": 0 },
        "end": { "line": 30, "column": 12 }
      },
      "30": {
        "start": { "line": 31, "column": 0 },
        "end": { "line": 31, "column": 30 }
      },
      "31": {
        "start": { "line": 32, "column": 0 },
        "end": { "line": 32, "column": 14 }
      },
      "32": {
        "start": { "line": 33, "column": 0 },
        "end": { "line": 33, "column": 32 }
      },
      "33": {
        "start": { "line": 34, "column": 0 },
        "end": { "line": 34, "column": 42 }
      },
      "34": {
        "start": { "line": 35, "column": 0 },
        "end": { "line": 35, "column": 41 }
      },
      "35": {
        "start": { "line": 36, "column": 0 },
        "end": { "line": 36, "column": 46 }
      },
      "36": {
        "start": { "line": 37, "column": 0 },
        "end": { "line": 37, "column": 71 }
      },
      "38": {
        "start": { "line": 39, "column": 0 },
        "end": { "line": 39, "column": 21 }
      },
      "39": {
        "start": { "line": 40, "column": 0 },
        "end": { "line": 40, "column": 16 }
      },
      "42": {
        "start": { "line": 43, "column": 0 },
        "end": { "line": 43, "column": 5 }
      },
      "44": {
        "start": { "line": 45, "column": 0 },
        "end": { "line": 45, "column": 31 }
      },
      "45": {
        "start": { "line": 46, "column": 0 },
        "end": { "line": 46, "column": 3 }
      },
      "46": {
        "start": { "line": 47, "column": 0 },
        "end": { "line": 47, "column": 1 }
      }
    },
    "s": {
      "0": 1,
      "12": 1,
      "15": 1,
      "16": 1,
      "17": 5,
      "18": 5,
      "19": 5,
      "21": 1,
      "22": 6,
      "23": 6,
      "25": 1,
      "26": 3,
      "27": 3,
      "29": 1,
      "30": 11,
      "31": 6,
      "32": 6,
      "33": 4,
      "34": 4,
      "35": 4,
      "36": 4,
      "38": 4,
      "39": 4,
      "42": 6,
      "44": 5,
      "45": 11,
      "46": 1
    },
    "branchMap": {
      "0": {
        "type": "branch",
        "line": 17,
        "loc": {
          "start": { "line": 17, "column": 2 },
          "end": { "line": 20, "column": 3 }
        },
        "locations": [
          {
            "start": { "line": 17, "column": 2 },
            "end": { "line": 20, "column": 3 }
          }
        ]
      },
      "1": {
        "type": "branch",
        "line": 22,
        "loc": {
          "start": { "line": 22, "column": 9 },
          "end": { "line": 24, "column": 3 }
        },
        "locations": [
          {
            "start": { "line": 22, "column": 9 },
            "end": { "line": 24, "column": 3 }
          }
        ]
      },
      "2": {
        "type": "branch",
        "line": 26,
        "loc": {
          "start": { "line": 26, "column": 2 },
          "end": { "line": 28, "column": 3 }
        },
        "locations": [
          {
            "start": { "line": 26, "column": 2 },
            "end": { "line": 28, "column": 3 }
          }
        ]
      },
      "3": {
        "type": "branch",
        "line": 30,
        "loc": {
          "start": { "line": 30, "column": 2 },
          "end": { "line": 46, "column": 3 }
        },
        "locations": [
          {
            "start": { "line": 30, "column": 2 },
            "end": { "line": 46, "column": 3 }
          }
        ]
      },
      "4": {
        "type": "branch",
        "line": 31,
        "loc": {
          "start": { "line": 31, "column": 29 },
          "end": { "line": 43, "column": 5 }
        },
        "locations": [
          {
            "start": { "line": 31, "column": 29 },
            "end": { "line": 43, "column": 5 }
          }
        ]
      },
      "5": {
        "type": "branch",
        "line": 33,
        "loc": {
          "start": { "line": 33, "column": 19 },
          "end": { "line": 40, "column": 16 }
        },
        "locations": [
          {
            "start": { "line": 33, "column": 19 },
            "end": { "line": 40, "column": 16 }
          }
        ]
      },
      "6": {
        "type": "branch",
        "line": 43,
        "loc": {
          "start": { "line": 43, "column": 4 },
          "end": { "line": 45, "column": 31 }
        },
        "locations": [
          {
            "start": { "line": 43, "column": 4 },
            "end": { "line": 45, "column": 31 }
          }
        ]
      },
      "7": {
        "type": "branch",
        "line": 37,
        "loc": {
          "start": { "line": 37, "column": 29 },
          "end": { "line": 37, "column": 71 }
        },
        "locations": [
          {
            "start": { "line": 37, "column": 29 },
            "end": { "line": 37, "column": 71 }
          }
        ]
      }
    },
    "b": {
      "0": [5],
      "1": [6],
      "2": [3],
      "3": [11],
      "4": [6],
      "5": [4],
      "6": [5],
      "7": [1]
    },
    "fnMap": {
      "0": {
        "name": "ErrorBoundary",
        "decl": {
          "start": { "line": 17, "column": 2 },
          "end": { "line": 20, "column": 3 }
        },
        "loc": {
          "start": { "line": 17, "column": 2 },
          "end": { "line": 20, "column": 3 }
        },
        "line": 17
      },
      "1": {
        "name": "getDerivedStateFromError",
        "decl": {
          "start": { "line": 22, "column": 9 },
          "end": { "line": 24, "column": 3 }
        },
        "loc": {
          "start": { "line": 22, "column": 9 },
          "end": { "line": 24, "column": 3 }
        },
        "line": 22
      },
      "2": {
        "name": "componentDidCatch",
        "decl": {
          "start": { "line": 26, "column": 2 },
          "end": { "line": 28, "column": 3 }
        },
        "loc": {
          "start": { "line": 26, "column": 2 },
          "end": { "line": 28, "column": 3 }
        },
        "line": 26
      },
      "3": {
        "name": "render",
        "decl": {
          "start": { "line": 30, "column": 2 },
          "end": { "line": 46, "column": 3 }
        },
        "loc": {
          "start": { "line": 30, "column": 2 },
          "end": { "line": 46, "column": 3 }
        },
        "line": 30
      },
      "4": {
        "name": "onClick",
        "decl": {
          "start": { "line": 37, "column": 29 },
          "end": { "line": 37, "column": 71 }
        },
        "loc": {
          "start": { "line": 37, "column": 29 },
          "end": { "line": 37, "column": 71 }
        },
        "line": 37
      }
    },
    "f": { "0": 5, "1": 6, "2": 3, "3": 11, "4": 1 }
  },
  "/Users/veronikakashlei/Desktop/rs-react-app/src/components/main/ErrorTestButton.tsx": {
    "path": "/Users/veronikakashlei/Desktop/rs-react-app/src/components/main/ErrorTestButton.tsx",
    "all": false,
    "statementMap": {
      "0": {
        "start": { "line": 1, "column": 0 },
        "end": { "line": 1, "column": 34 }
      },
      "1": {
        "start": { "line": 2, "column": 0 },
        "end": { "line": 2, "column": 31 }
      },
      "7": {
        "start": { "line": 8, "column": 0 },
        "end": { "line": 8, "column": 70 }
      },
      "8": {
        "start": { "line": 9, "column": 0 },
        "end": { "line": 9, "column": 23 }
      },
      "9": {
        "start": { "line": 10, "column": 0 },
        "end": { "line": 10, "column": 28 }
      },
      "10": {
        "start": { "line": 11, "column": 0 },
        "end": { "line": 11, "column": 4 }
      },
      "12": {
        "start": { "line": 13, "column": 0 },
        "end": { "line": 13, "column": 12 }
      },
      "13": {
        "start": { "line": 14, "column": 0 },
        "end": { "line": 14, "column": 12 }
      },
      "14": {
        "start": { "line": 15, "column": 0 },
        "end": { "line": 15, "column": 76 }
      },
      "16": {
        "start": { "line": 17, "column": 0 },
        "end": { "line": 17, "column": 15 }
      },
      "18": {
        "start": { "line": 19, "column": 0 },
        "end": { "line": 19, "column": 3 }
      },
      "19": {
        "start": { "line": 20, "column": 0 },
        "end": { "line": 20, "column": 1 }
      }
    },
    "s": {
      "0": 1,
      "1": 1,
      "7": 1,
      "8": 14,
      "9": 1,
      "10": 1,
      "12": 14,
      "13": 27,
      "14": 27,
      "16": 27,
      "18": 27,
      "19": 14
    },
    "branchMap": {
      "0": {
        "type": "branch",
        "line": 8,
        "loc": {
          "start": { "line": 8, "column": 69 },
          "end": { "line": 20, "column": 1 }
        },
        "locations": [
          {
            "start": { "line": 8, "column": 69 },
            "end": { "line": 20, "column": 1 }
          }
        ]
      },
      "1": {
        "type": "branch",
        "line": 9,
        "loc": {
          "start": { "line": 9, "column": 16 },
          "end": { "line": 11, "column": 4 }
        },
        "locations": [
          {
            "start": { "line": 9, "column": 16 },
            "end": { "line": 11, "column": 4 }
          }
        ]
      },
      "2": {
        "type": "branch",
        "line": 13,
        "loc": {
          "start": { "line": 13, "column": 2 },
          "end": { "line": 19, "column": 3 }
        },
        "locations": [
          {
            "start": { "line": 13, "column": 2 },
            "end": { "line": 19, "column": 3 }
          }
        ]
      }
    },
    "b": { "0": [14], "1": [1], "2": [27] },
    "fnMap": {
      "0": {
        "name": "<instance_members_initializer>",
        "decl": {
          "start": { "line": 8, "column": 69 },
          "end": { "line": 20, "column": 1 }
        },
        "loc": {
          "start": { "line": 8, "column": 69 },
          "end": { "line": 20, "column": 1 }
        },
        "line": 8
      },
      "1": {
        "name": "handleClick",
        "decl": {
          "start": { "line": 9, "column": 16 },
          "end": { "line": 11, "column": 4 }
        },
        "loc": {
          "start": { "line": 9, "column": 16 },
          "end": { "line": 11, "column": 4 }
        },
        "line": 9
      },
      "2": {
        "name": "render",
        "decl": {
          "start": { "line": 13, "column": 2 },
          "end": { "line": 19, "column": 3 }
        },
        "loc": {
          "start": { "line": 13, "column": 2 },
          "end": { "line": 19, "column": 3 }
        },
        "line": 13
      }
    },
    "f": { "0": 14, "1": 1, "2": 27 }
  },
  "/Users/veronikakashlei/Desktop/rs-react-app/src/components/main/PokemonList.tsx": {
    "path": "/Users/veronikakashlei/Desktop/rs-react-app/src/components/main/PokemonList.tsx",
    "all": false,
    "statementMap": {
      "1": {
        "start": { "line": 2, "column": 0 },
        "end": { "line": 2, "column": 34 }
      },
      "2": {
        "start": { "line": 3, "column": 0 },
        "end": { "line": 3, "column": 27 }
      },
      "8": {
        "start": { "line": 9, "column": 0 },
        "end": { "line": 9, "column": 55 }
      },
      "9": {
        "start": { "line": 10, "column": 0 },
        "end": { "line": 10, "column": 11 }
      },
      "10": {
        "start": { "line": 11, "column": 0 },
        "end": { "line": 11, "column": 23 }
      },
      "11": {
        "start": { "line": 12, "column": 0 },
        "end": { "line": 12, "column": 19 }
      },
      "12": {
        "start": { "line": 13, "column": 0 },
        "end": { "line": 13, "column": 16 }
      },
      "13": {
        "start": { "line": 14, "column": 0 },
        "end": { "line": 14, "column": 4 }
      },
      "15": {
        "start": { "line": 16, "column": 0 },
        "end": { "line": 16, "column": 23 }
      },
      "16": {
        "start": { "line": 17, "column": 0 },
        "end": { "line": 17, "column": 31 }
      },
      "17": {
        "start": { "line": 18, "column": 0 },
        "end": { "line": 18, "column": 3 }
      },
      "19": {
        "start": { "line": 20, "column": 0 },
        "end": { "line": 20, "column": 51 }
      },
      "20": {
        "start": { "line": 21, "column": 0 },
        "end": { "line": 21, "column": 51 }
      },
      "21": {
        "start": { "line": 22, "column": 0 },
        "end": { "line": 22, "column": 33 }
      },
      "22": {
        "start": { "line": 23, "column": 0 },
        "end": { "line": 23, "column": 5 }
      },
      "23": {
        "start": { "line": 24, "column": 0 },
        "end": { "line": 24, "column": 3 }
      },
      "25": {
        "start": { "line": 26, "column": 0 },
        "end": { "line": 26, "column": 59 }
      },
      "26": {
        "start": { "line": 27, "column": 0 },
        "end": { "line": 27, "column": 54 }
      },
      "28": {
        "start": { "line": 29, "column": 0 },
        "end": { "line": 29, "column": 22 }
      },
      "29": {
        "start": { "line": 30, "column": 0 },
        "end": { "line": 30, "column": 43 }
      },
      "30": {
        "start": { "line": 31, "column": 0 },
        "end": { "line": 31, "column": 37 }
      },
      "31": {
        "start": { "line": 32, "column": 0 },
        "end": { "line": 32, "column": 5 }
      },
      "33": {
        "start": { "line": 34, "column": 0 },
        "end": { "line": 34, "column": 15 }
      },
      "34": {
        "start": { "line": 35, "column": 0 },
        "end": { "line": 35, "column": 3 }
      },
      "36": {
        "start": { "line": 37, "column": 0 },
        "end": { "line": 37, "column": 39 }
      },
      "37": {
        "start": { "line": 38, "column": 0 },
        "end": { "line": 38, "column": 119 }
      },
      "38": {
        "start": { "line": 39, "column": 0 },
        "end": { "line": 39, "column": 3 }
      },
      "40": {
        "start": { "line": 41, "column": 0 },
        "end": { "line": 41, "column": 40 }
      },
      "41": {
        "start": { "line": 42, "column": 0 },
        "end": { "line": 42, "column": 47 }
      },
      "43": {
        "start": { "line": 44, "column": 0 },
        "end": { "line": 44, "column": 21 }
      },
      "44": {
        "start": { "line": 45, "column": 0 },
        "end": { "line": 45, "column": 3 }
      },
      "46": {
        "start": { "line": 47, "column": 0 },
        "end": { "line": 47, "column": 31 }
      },
      "47": {
        "start": { "line": 48, "column": 0 },
        "end": { "line": 48, "column": 72 }
      },
      "48": {
        "start": { "line": 49, "column": 0 },
        "end": { "line": 49, "column": 47 }
      },
      "49": {
        "start": { "line": 50, "column": 0 },
        "end": { "line": 50, "column": 50 }
      },
      "50": {
        "start": { "line": 51, "column": 0 },
        "end": { "line": 51, "column": 9 }
      },
      "51": {
        "start": { "line": 52, "column": 0 },
        "end": { "line": 52, "column": 40 }
      },
      "52": {
        "start": { "line": 53, "column": 0 },
        "end": { "line": 53, "column": 50 }
      },
      "53": {
        "start": { "line": 54, "column": 0 },
        "end": { "line": 54, "column": 48 }
      },
      "54": {
        "start": { "line": 55, "column": 0 },
        "end": { "line": 55, "column": 39 }
      },
      "55": {
        "start": { "line": 56, "column": 0 },
        "end": { "line": 56, "column": 53 }
      },
      "56": {
        "start": { "line": 57, "column": 0 },
        "end": { "line": 57, "column": 12 }
      },
      "57": {
        "start": { "line": 58, "column": 0 },
        "end": { "line": 58, "column": 79 }
      },
      "59": {
        "start": { "line": 60, "column": 0 },
        "end": { "line": 60, "column": 65 }
      },
      "61": {
        "start": { "line": 62, "column": 0 },
        "end": { "line": 62, "column": 18 }
      },
      "62": {
        "start": { "line": 63, "column": 0 },
        "end": { "line": 63, "column": 15 }
      },
      "63": {
        "start": { "line": 64, "column": 0 },
        "end": { "line": 64, "column": 28 }
      },
      "64": {
        "start": { "line": 65, "column": 0 },
        "end": { "line": 65, "column": 44 }
      },
      "65": {
        "start": { "line": 66, "column": 0 },
        "end": { "line": 66, "column": 54 }
      },
      "66": {
        "start": { "line": 67, "column": 0 },
        "end": { "line": 67, "column": 65 }
      },
      "67": {
        "start": { "line": 68, "column": 0 },
        "end": { "line": 68, "column": 37 }
      },
      "68": {
        "start": { "line": 69, "column": 0 },
        "end": { "line": 69, "column": 37 }
      },
      "69": {
        "start": { "line": 70, "column": 0 },
        "end": { "line": 70, "column": 12 }
      },
      "70": {
        "start": { "line": 71, "column": 0 },
        "end": { "line": 71, "column": 10 }
      },
      "71": {
        "start": { "line": 72, "column": 0 },
        "end": { "line": 72, "column": 8 }
      },
      "73": {
        "start": { "line": 74, "column": 0 },
        "end": { "line": 74, "column": 49 }
      },
      "74": {
        "start": { "line": 75, "column": 0 },
        "end": { "line": 75, "column": 21 }
      },
      "75": {
        "start": { "line": 76, "column": 0 },
        "end": { "line": 76, "column": 21 }
      },
      "76": {
        "start": { "line": 77, "column": 0 },
        "end": { "line": 77, "column": 14 }
      },
      "77": {
        "start": { "line": 78, "column": 0 },
        "end": { "line": 78, "column": 77 }
      },
      "78": {
        "start": { "line": 79, "column": 0 },
        "end": { "line": 79, "column": 27 }
      },
      "79": {
        "start": { "line": 80, "column": 0 },
        "end": { "line": 80, "column": 9 }
      },
      "80": {
        "start": { "line": 81, "column": 0 },
        "end": { "line": 81, "column": 15 }
      },
      "81": {
        "start": { "line": 82, "column": 0 },
        "end": { "line": 82, "column": 40 }
      },
      "82": {
        "start": { "line": 83, "column": 0 },
        "end": { "line": 83, "column": 5 }
      },
      "83": {
        "start": { "line": 84, "column": 0 },
        "end": { "line": 84, "column": 3 }
      },
      "85": {
        "start": { "line": 86, "column": 0 },
        "end": { "line": 86, "column": 12 }
      },
      "86": {
        "start": { "line": 87, "column": 0 },
        "end": { "line": 87, "column": 51 }
      },
      "87": {
        "start": { "line": 88, "column": 0 },
        "end": { "line": 88, "column": 12 }
      },
      "88": {
        "start": { "line": 89, "column": 0 },
        "end": { "line": 89, "column": 42 }
      },
      "89": {
        "start": { "line": 90, "column": 0 },
        "end": { "line": 90, "column": 21 }
      },
      "90": {
        "start": { "line": 91, "column": 0 },
        "end": { "line": 91, "column": 56 }
      },
      "91": {
        "start": { "line": 92, "column": 0 },
        "end": { "line": 92, "column": 42 }
      },
      "92": {
        "start": { "line": 93, "column": 0 },
        "end": { "line": 93, "column": 53 }
      },
      "93": {
        "start": { "line": 94, "column": 0 },
        "end": { "line": 94, "column": 54 }
      },
      "94": {
        "start": { "line": 95, "column": 0 },
        "end": { "line": 95, "column": 53 }
      },
      "95": {
        "start": { "line": 96, "column": 0 },
        "end": { "line": 96, "column": 53 }
      },
      "96": {
        "start": { "line": 97, "column": 0 },
        "end": { "line": 97, "column": 20 }
      },
      "97": {
        "start": { "line": 98, "column": 0 },
        "end": { "line": 98, "column": 15 }
      },
      "98": {
        "start": { "line": 99, "column": 0 },
        "end": { "line": 99, "column": 16 }
      },
      "100": {
        "start": { "line": 101, "column": 0 },
        "end": { "line": 101, "column": 68 }
      },
      "101": {
        "start": { "line": 102, "column": 0 },
        "end": { "line": 102, "column": 60 }
      },
      "102": {
        "start": { "line": 103, "column": 0 },
        "end": { "line": 103, "column": 59 }
      },
      "103": {
        "start": { "line": 104, "column": 0 },
        "end": { "line": 104, "column": 18 }
      },
      "104": {
        "start": { "line": 105, "column": 0 },
        "end": { "line": 105, "column": 35 }
      },
      "105": {
        "start": { "line": 106, "column": 0 },
        "end": { "line": 106, "column": 34 }
      },
      "106": {
        "start": { "line": 107, "column": 0 },
        "end": { "line": 107, "column": 41 }
      },
      "107": {
        "start": { "line": 108, "column": 0 },
        "end": { "line": 108, "column": 33 }
      },
      "108": {
        "start": { "line": 109, "column": 0 },
        "end": { "line": 109, "column": 54 }
      },
      "109": {
        "start": { "line": 110, "column": 0 },
        "end": { "line": 110, "column": 113 }
      },
      "110": {
        "start": { "line": 111, "column": 0 },
        "end": { "line": 111, "column": 18 }
      },
      "111": {
        "start": { "line": 112, "column": 0 },
        "end": { "line": 112, "column": 16 }
      },
      "112": {
        "start": { "line": 113, "column": 0 },
        "end": { "line": 113, "column": 44 }
      },
      "113": {
        "start": { "line": 114, "column": 0 },
        "end": { "line": 114, "column": 45 }
      },
      "114": {
        "start": { "line": 115, "column": 0 },
        "end": { "line": 115, "column": 80 }
      },
      "115": {
        "start": { "line": 116, "column": 0 },
        "end": { "line": 116, "column": 21 }
      },
      "116": {
        "start": { "line": 117, "column": 0 },
        "end": { "line": 117, "column": 76 }
      },
      "118": {
        "start": { "line": 119, "column": 0 },
        "end": { "line": 119, "column": 47 }
      },
      "119": {
        "start": { "line": 120, "column": 0 },
        "end": { "line": 120, "column": 57 }
      },
      "120": {
        "start": { "line": 121, "column": 0 },
        "end": { "line": 121, "column": 75 }
      },
      "121": {
        "start": { "line": 122, "column": 0 },
        "end": { "line": 122, "column": 28 }
      },
      "122": {
        "start": { "line": 123, "column": 0 },
        "end": { "line": 123, "column": 27 }
      },
      "123": {
        "start": { "line": 124, "column": 0 },
        "end": { "line": 124, "column": 21 }
      },
      "124": {
        "start": { "line": 125, "column": 0 },
        "end": { "line": 125, "column": 22 }
      },
      "126": {
        "start": { "line": 127, "column": 0 },
        "end": { "line": 127, "column": 47 }
      },
      "127": {
        "start": { "line": 128, "column": 0 },
        "end": { "line": 128, "column": 40 }
      },
      "128": {
        "start": { "line": 129, "column": 0 },
        "end": { "line": 129, "column": 63 }
      },
      "129": {
        "start": { "line": 130, "column": 0 },
        "end": { "line": 130, "column": 50 }
      },
      "130": {
        "start": { "line": 131, "column": 0 },
        "end": { "line": 131, "column": 24 }
      },
      "131": {
        "start": { "line": 132, "column": 0 },
        "end": { "line": 132, "column": 40 }
      },
      "132": {
        "start": { "line": 133, "column": 0 },
        "end": { "line": 133, "column": 63 }
      },
      "133": {
        "start": { "line": 134, "column": 0 },
        "end": { "line": 134, "column": 51 }
      },
      "134": {
        "start": { "line": 135, "column": 0 },
        "end": { "line": 135, "column": 24 }
      },
      "135": {
        "start": { "line": 136, "column": 0 },
        "end": { "line": 136, "column": 22 }
      },
      "137": {
        "start": { "line": 138, "column": 0 },
        "end": { "line": 138, "column": 51 }
      },
      "138": {
        "start": { "line": 139, "column": 0 },
        "end": { "line": 139, "column": 37 }
      },
      "139": {
        "start": { "line": 140, "column": 0 },
        "end": { "line": 140, "column": 22 }
      },
      "140": {
        "start": { "line": 141, "column": 0 },
        "end": { "line": 141, "column": 66 }
      },
      "141": {
        "start": { "line": 142, "column": 0 },
        "end": { "line": 142, "column": 72 }
      },
      "142": {
        "start": { "line": 143, "column": 0 },
        "end": { "line": 143, "column": 23 }
      },
      "143": {
        "start": { "line": 144, "column": 0 },
        "end": { "line": 144, "column": 23 }
      },
      "144": {
        "start": { "line": 145, "column": 0 },
        "end": { "line": 145, "column": 22 }
      },
      "145": {
        "start": { "line": 146, "column": 0 },
        "end": { "line": 146, "column": 20 }
      },
      "146": {
        "start": { "line": 147, "column": 0 },
        "end": { "line": 147, "column": 18 }
      },
      "147": {
        "start": { "line": 148, "column": 0 },
        "end": { "line": 148, "column": 13 }
      },
      "148": {
        "start": { "line": 149, "column": 0 },
        "end": { "line": 149, "column": 14 }
      },
      "149": {
        "start": { "line": 150, "column": 0 },
        "end": { "line": 150, "column": 13 }
      },
      "151": {
        "start": { "line": 152, "column": 0 },
        "end": { "line": 152, "column": 3 }
      },
      "152": {
        "start": { "line": 153, "column": 0 },
        "end": { "line": 153, "column": 1 }
      },
      "154": {
        "start": { "line": 155, "column": 0 },
        "end": { "line": 155, "column": 27 }
      }
    },
    "s": {
      "1": 1,
      "2": 1,
      "8": 1,
      "9": 23,
      "10": 23,
      "11": 23,
      "12": 23,
      "13": 23,
      "15": 23,
      "16": 16,
      "17": 16,
      "19": 23,
      "20": 9,
      "21": 1,
      "22": 1,
      "23": 9,
      "25": 23,
      "26": 8,
      "28": 8,
      "29": 7,
      "30": 7,
      "31": 7,
      "33": 1,
      "34": 8,
      "36": 23,
      "37": 4,
      "38": 4,
      "40": 23,
      "41": 18,
      "43": 0,
      "44": 18,
      "46": 23,
      "47": 17,
      "48": 17,
      "49": 6,
      "50": 6,
      "51": 6,
      "52": 6,
      "53": 7,
      "54": 7,
      "55": 7,
      "56": 7,
      "57": 7,
      "59": 4,
      "61": 4,
      "62": 4,
      "63": 4,
      "64": 4,
      "65": 4,
      "66": 4,
      "67": 4,
      "68": 4,
      "69": 4,
      "70": 6,
      "71": 6,
      "73": 4,
      "74": 6,
      "75": 2,
      "76": 2,
      "77": 2,
      "78": 2,
      "79": 2,
      "80": 6,
      "81": 6,
      "82": 6,
      "83": 17,
      "85": 23,
      "86": 25,
      "87": 25,
      "88": 25,
      "89": 25,
      "90": 7,
      "91": 7,
      "92": 42,
      "93": 42,
      "94": 42,
      "95": 42,
      "96": 42,
      "97": 7,
      "98": 7,
      "100": 25,
      "101": 25,
      "102": 2,
      "103": 2,
      "104": 2,
      "105": 2,
      "106": 2,
      "107": 2,
      "108": 1,
      "109": 1,
      "110": 1,
      "111": 2,
      "112": 2,
      "113": 2,
      "114": 2,
      "115": 2,
      "116": 2,
      "118": 2,
      "119": 2,
      "120": 2,
      "121": 2,
      "122": 2,
      "123": 2,
      "124": 2,
      "126": 2,
      "127": 2,
      "128": 2,
      "129": 2,
      "130": 2,
      "131": 2,
      "132": 2,
      "133": 2,
      "134": 2,
      "135": 2,
      "137": 2,
      "138": 2,
      "139": 2,
      "140": 2,
      "141": 3,
      "142": 2,
      "143": 2,
      "144": 2,
      "145": 2,
      "146": 2,
      "147": 25,
      "148": 25,
      "149": 25,
      "151": 25,
      "152": 23,
      "154": 1
    },
    "branchMap": {
      "0": {
        "type": "branch",
        "line": 9,
        "loc": {
          "start": { "line": 9, "column": 54 },
          "end": { "line": 153, "column": 1 }
        },
        "locations": [
          {
            "start": { "line": 9, "column": 54 },
            "end": { "line": 153, "column": 1 }
          }
        ]
      },
      "1": {
        "type": "branch",
        "line": 16,
        "loc": {
          "start": { "line": 16, "column": 2 },
          "end": { "line": 18, "column": 3 }
        },
        "locations": [
          {
            "start": { "line": 16, "column": 2 },
            "end": { "line": 18, "column": 3 }
          }
        ]
      },
      "2": {
        "type": "branch",
        "line": 20,
        "loc": {
          "start": { "line": 20, "column": 2 },
          "end": { "line": 24, "column": 3 }
        },
        "locations": [
          {
            "start": { "line": 20, "column": 2 },
            "end": { "line": 24, "column": 3 }
          }
        ]
      },
      "3": {
        "type": "branch",
        "line": 21,
        "loc": {
          "start": { "line": 21, "column": 50 },
          "end": { "line": 23, "column": 5 }
        },
        "locations": [
          {
            "start": { "line": 21, "column": 50 },
            "end": { "line": 23, "column": 5 }
          }
        ]
      },
      "4": {
        "type": "branch",
        "line": 26,
        "loc": {
          "start": { "line": 26, "column": 2 },
          "end": { "line": 35, "column": 3 }
        },
        "locations": [
          {
            "start": { "line": 26, "column": 2 },
            "end": { "line": 35, "column": 3 }
          }
        ]
      },
      "5": {
        "type": "branch",
        "line": 27,
        "loc": {
          "start": { "line": 27, "column": 25 },
          "end": { "line": 27, "column": 54 }
        },
        "locations": [
          {
            "start": { "line": 27, "column": 25 },
            "end": { "line": 27, "column": 54 }
          }
        ]
      },
      "6": {
        "type": "branch",
        "line": 29,
        "loc": {
          "start": { "line": 29, "column": 21 },
          "end": { "line": 32, "column": 5 }
        },
        "locations": [
          {
            "start": { "line": 29, "column": 21 },
            "end": { "line": 32, "column": 5 }
          }
        ]
      },
      "7": {
        "type": "branch",
        "line": 32,
        "loc": {
          "start": { "line": 32, "column": 4 },
          "end": { "line": 34, "column": 15 }
        },
        "locations": [
          {
            "start": { "line": 32, "column": 4 },
            "end": { "line": 34, "column": 15 }
          }
        ]
      },
      "8": {
        "type": "branch",
        "line": 37,
        "loc": {
          "start": { "line": 37, "column": 2 },
          "end": { "line": 39, "column": 3 }
        },
        "locations": [
          {
            "start": { "line": 37, "column": 2 },
            "end": { "line": 39, "column": 3 }
          }
        ]
      },
      "9": {
        "type": "branch",
        "line": 41,
        "loc": {
          "start": { "line": 41, "column": 2 },
          "end": { "line": 45, "column": 3 }
        },
        "locations": [
          {
            "start": { "line": 41, "column": 2 },
            "end": { "line": 45, "column": 3 }
          }
        ]
      },
      "10": {
        "type": "branch",
        "line": 42,
        "loc": {
          "start": { "line": 42, "column": 39 },
          "end": { "line": 44, "column": 21 }
        },
        "locations": [
          {
            "start": { "line": 42, "column": 39 },
            "end": { "line": 44, "column": 21 }
          }
        ]
      },
      "11": {
        "type": "branch",
        "line": 47,
        "loc": {
          "start": { "line": 47, "column": 2 },
          "end": { "line": 84, "column": 3 }
        },
        "locations": [
          {
            "start": { "line": 47, "column": 2 },
            "end": { "line": 84, "column": 3 }
          }
        ]
      },
      "12": {
        "type": "branch",
        "line": 49,
        "loc": {
          "start": { "line": 49, "column": 40 },
          "end": { "line": 49, "column": 47 }
        },
        "locations": [
          {
            "start": { "line": 49, "column": 40 },
            "end": { "line": 49, "column": 47 }
          }
        ]
      },
      "13": {
        "type": "branch",
        "line": 49,
        "loc": {
          "start": { "line": 49, "column": 40 },
          "end": { "line": 83, "column": 5 }
        },
        "locations": [
          {
            "start": { "line": 49, "column": 40 },
            "end": { "line": 83, "column": 5 }
          }
        ]
      },
      "14": {
        "type": "branch",
        "line": 72,
        "loc": {
          "start": { "line": 72, "column": 6 },
          "end": { "line": 75, "column": 13 }
        },
        "locations": [
          {
            "start": { "line": 72, "column": 6 },
            "end": { "line": 75, "column": 13 }
          }
        ]
      },
      "15": {
        "type": "branch",
        "line": 75,
        "loc": {
          "start": { "line": 75, "column": 4 },
          "end": { "line": 81, "column": 6 }
        },
        "locations": [
          {
            "start": { "line": 75, "column": 4 },
            "end": { "line": 81, "column": 6 }
          }
        ]
      },
      "16": {
        "type": "branch",
        "line": 78,
        "loc": {
          "start": { "line": 78, "column": 41 },
          "end": { "line": 78, "column": 77 }
        },
        "locations": [
          {
            "start": { "line": 78, "column": 41 },
            "end": { "line": 78, "column": 77 }
          }
        ]
      },
      "17": {
        "type": "branch",
        "line": 53,
        "loc": {
          "start": { "line": 53, "column": 30 },
          "end": { "line": 71, "column": 9 }
        },
        "locations": [
          {
            "start": { "line": 53, "column": 30 },
            "end": { "line": 71, "column": 9 }
          }
        ]
      },
      "18": {
        "type": "branch",
        "line": 57,
        "loc": {
          "start": { "line": 57, "column": 10 },
          "end": { "line": 58, "column": 34 }
        },
        "locations": [
          {
            "start": { "line": 57, "column": 10 },
            "end": { "line": 58, "column": 34 }
          }
        ]
      },
      "19": {
        "type": "branch",
        "line": 58,
        "loc": {
          "start": { "line": 58, "column": 28 },
          "end": { "line": 58, "column": 79 }
        },
        "locations": [
          {
            "start": { "line": 58, "column": 28 },
            "end": { "line": 58, "column": 79 }
          }
        ]
      },
      "20": {
        "type": "branch",
        "line": 58,
        "loc": {
          "start": { "line": 58, "column": 77 },
          "end": { "line": 70, "column": 12 }
        },
        "locations": [
          {
            "start": { "line": 58, "column": 77 },
            "end": { "line": 70, "column": 12 }
          }
        ]
      },
      "21": {
        "type": "branch",
        "line": 66,
        "loc": {
          "start": { "line": 66, "column": 34 },
          "end": { "line": 66, "column": 52 }
        },
        "locations": [
          {
            "start": { "line": 66, "column": 34 },
            "end": { "line": 66, "column": 52 }
          }
        ]
      },
      "22": {
        "type": "branch",
        "line": 67,
        "loc": {
          "start": { "line": 67, "column": 42 },
          "end": { "line": 67, "column": 63 }
        },
        "locations": [
          {
            "start": { "line": 67, "column": 42 },
            "end": { "line": 67, "column": 63 }
          }
        ]
      },
      "23": {
        "type": "branch",
        "line": 86,
        "loc": {
          "start": { "line": 86, "column": 2 },
          "end": { "line": 152, "column": 3 }
        },
        "locations": [
          {
            "start": { "line": 86, "column": 2 },
            "end": { "line": 152, "column": 3 }
          }
        ]
      },
      "24": {
        "type": "branch",
        "line": 90,
        "loc": {
          "start": { "line": 90, "column": 9 },
          "end": { "line": 99, "column": 16 }
        },
        "locations": [
          {
            "start": { "line": 90, "column": 9 },
            "end": { "line": 99, "column": 16 }
          }
        ]
      },
      "25": {
        "type": "branch",
        "line": 101,
        "loc": {
          "start": { "line": 101, "column": 40 },
          "end": { "line": 101, "column": 62 }
        },
        "locations": [
          {
            "start": { "line": 101, "column": 40 },
            "end": { "line": 101, "column": 62 }
          }
        ]
      },
      "26": {
        "type": "branch",
        "line": 101,
        "loc": {
          "start": { "line": 101, "column": 50 },
          "end": { "line": 101, "column": 64 }
        },
        "locations": [
          {
            "start": { "line": 101, "column": 50 },
            "end": { "line": 101, "column": 64 }
          }
        ]
      },
      "27": {
        "type": "branch",
        "line": 92,
        "loc": {
          "start": { "line": 92, "column": 31 },
          "end": { "line": 97, "column": 20 }
        },
        "locations": [
          {
            "start": { "line": 92, "column": 31 },
            "end": { "line": 97, "column": 20 }
          }
        ]
      },
      "28": {
        "type": "branch",
        "line": 102,
        "loc": {
          "start": { "line": 102, "column": 30 },
          "end": { "line": 147, "column": 18 }
        },
        "locations": [
          {
            "start": { "line": 102, "column": 30 },
            "end": { "line": 147, "column": 18 }
          }
        ]
      },
      "29": {
        "type": "branch",
        "line": 108,
        "loc": {
          "start": { "line": 108, "column": 25 },
          "end": { "line": 111, "column": 18 }
        },
        "locations": [
          {
            "start": { "line": 108, "column": 25 },
            "end": { "line": 111, "column": 18 }
          }
        ]
      },
      "30": {
        "type": "branch",
        "line": 120,
        "loc": {
          "start": { "line": 120, "column": 38 },
          "end": { "line": 123, "column": 27 }
        },
        "locations": [
          {
            "start": { "line": 120, "column": 38 },
            "end": { "line": 123, "column": 27 }
          }
        ]
      },
      "31": {
        "type": "branch",
        "line": 141,
        "loc": {
          "start": { "line": 141, "column": 44 },
          "end": { "line": 142, "column": 72 }
        },
        "locations": [
          {
            "start": { "line": 141, "column": 44 },
            "end": { "line": 142, "column": 72 }
          }
        ]
      }
    },
    "b": {
      "0": [23],
      "1": [16],
      "2": [9],
      "3": [1],
      "4": [8],
      "5": [0],
      "6": [7],
      "7": [1],
      "8": [4],
      "9": [18],
      "10": [0],
      "11": [17],
      "12": [11],
      "13": [6],
      "14": [4],
      "15": [2],
      "16": [0],
      "17": [7],
      "18": [6],
      "19": [0],
      "20": [4],
      "21": [4],
      "22": [5],
      "23": [25],
      "24": [7],
      "25": [7],
      "26": [18],
      "27": [42],
      "28": [2],
      "29": [1],
      "30": [2],
      "31": [3]
    },
    "fnMap": {
      "0": {
        "name": "<instance_members_initializer>",
        "decl": {
          "start": { "line": 9, "column": 54 },
          "end": { "line": 153, "column": 1 }
        },
        "loc": {
          "start": { "line": 9, "column": 54 },
          "end": { "line": 153, "column": 1 }
        },
        "line": 9
      },
      "1": {
        "name": "componentDidMount",
        "decl": {
          "start": { "line": 16, "column": 2 },
          "end": { "line": 18, "column": 3 }
        },
        "loc": {
          "start": { "line": 16, "column": 2 },
          "end": { "line": 18, "column": 3 }
        },
        "line": 16
      },
      "2": {
        "name": "componentDidUpdate",
        "decl": {
          "start": { "line": 20, "column": 2 },
          "end": { "line": 24, "column": 3 }
        },
        "loc": {
          "start": { "line": 20, "column": 2 },
          "end": { "line": 24, "column": 3 }
        },
        "line": 20
      },
      "3": {
        "name": "getPokemonId",
        "decl": {
          "start": { "line": 26, "column": 2 },
          "end": { "line": 35, "column": 3 }
        },
        "loc": {
          "start": { "line": 26, "column": 2 },
          "end": { "line": 35, "column": 3 }
        },
        "line": 26
      },
      "4": {
        "name": "getPokemonImage",
        "decl": {
          "start": { "line": 37, "column": 2 },
          "end": { "line": 39, "column": 3 }
        },
        "loc": {
          "start": { "line": 37, "column": 2 },
          "end": { "line": 39, "column": 3 }
        },
        "line": 37
      },
      "5": {
        "name": "normalizeResults",
        "decl": {
          "start": { "line": 41, "column": 2 },
          "end": { "line": 45, "column": 3 }
        },
        "loc": {
          "start": { "line": 41, "column": 2 },
          "end": { "line": 45, "column": 3 }
        },
        "line": 41
      },
      "6": {
        "name": "fetchPokemonDetails",
        "decl": {
          "start": { "line": 47, "column": 2 },
          "end": { "line": 84, "column": 3 }
        },
        "loc": {
          "start": { "line": 47, "column": 2 },
          "end": { "line": 84, "column": 3 }
        },
        "line": 47
      },
      "7": {
        "name": "render",
        "decl": {
          "start": { "line": 86, "column": 2 },
          "end": { "line": 152, "column": 3 }
        },
        "loc": {
          "start": { "line": 86, "column": 2 },
          "end": { "line": 152, "column": 3 }
        },
        "line": 86
      },
      "8": {
        "name": "onError",
        "decl": {
          "start": { "line": 108, "column": 25 },
          "end": { "line": 111, "column": 18 }
        },
        "loc": {
          "start": { "line": 108, "column": 25 },
          "end": { "line": 111, "column": 18 }
        },
        "line": 108
      }
    },
    "f": {
      "0": 23,
      "1": 16,
      "2": 9,
      "3": 8,
      "4": 4,
      "5": 18,
      "6": 17,
      "7": 25,
      "8": 1
    }
  },
  "/Users/veronikakashlei/Desktop/rs-react-app/src/components/search/Search.tsx": {
    "path": "/Users/veronikakashlei/Desktop/rs-react-app/src/components/search/Search.tsx",
    "all": false,
    "statementMap": {
      "0": {
        "start": { "line": 1, "column": 0 },
        "end": { "line": 1, "column": 34 }
      },
      "1": {
        "start": { "line": 2, "column": 0 },
        "end": { "line": 2, "column": 22 }
      },
      "12": {
        "start": { "line": 13, "column": 0 },
        "end": { "line": 13, "column": 58 }
      },
      "13": {
        "start": { "line": 14, "column": 0 },
        "end": { "line": 14, "column": 35 }
      },
      "14": {
        "start": { "line": 15, "column": 0 },
        "end": { "line": 15, "column": 17 }
      },
      "15": {
        "start": { "line": 16, "column": 0 },
        "end": { "line": 16, "column": 18 }
      },
      "16": {
        "start": { "line": 17, "column": 0 },
        "end": { "line": 17, "column": 38 }
      },
      "17": {
        "start": { "line": 18, "column": 0 },
        "end": { "line": 18, "column": 6 }
      },
      "18": {
        "start": { "line": 19, "column": 0 },
        "end": { "line": 19, "column": 53 }
      },
      "19": {
        "start": { "line": 20, "column": 0 },
        "end": { "line": 20, "column": 53 }
      },
      "20": {
        "start": { "line": 21, "column": 0 },
        "end": { "line": 21, "column": 3 }
      },
      "21": {
        "start": { "line": 22, "column": 0 },
        "end": { "line": 22, "column": 62 }
      },
      "22": {
        "start": { "line": 23, "column": 0 },
        "end": { "line": 23, "column": 45 }
      },
      "23": {
        "start": { "line": 24, "column": 0 },
        "end": { "line": 24, "column": 3 }
      },
      "24": {
        "start": { "line": 25, "column": 0 },
        "end": { "line": 25, "column": 30 }
      },
      "25": {
        "start": { "line": 26, "column": 0 },
        "end": { "line": 26, "column": 42 }
      },
      "26": {
        "start": { "line": 27, "column": 0 },
        "end": { "line": 27, "column": 4 }
      },
      "27": {
        "start": { "line": 28, "column": 0 },
        "end": { "line": 28, "column": 48 }
      },
      "28": {
        "start": { "line": 29, "column": 0 },
        "end": { "line": 29, "column": 28 }
      },
      "29": {
        "start": { "line": 30, "column": 0 },
        "end": { "line": 30, "column": 26 }
      },
      "30": {
        "start": { "line": 31, "column": 0 },
        "end": { "line": 31, "column": 5 }
      },
      "31": {
        "start": { "line": 32, "column": 0 },
        "end": { "line": 32, "column": 4 }
      },
      "32": {
        "start": { "line": 33, "column": 0 },
        "end": { "line": 33, "column": 12 }
      },
      "33": {
        "start": { "line": 34, "column": 0 },
        "end": { "line": 34, "column": 12 }
      },
      "34": {
        "start": { "line": 35, "column": 0 },
        "end": { "line": 35, "column": 14 }
      },
      "35": {
        "start": { "line": 36, "column": 0 },
        "end": { "line": 36, "column": 14 }
      },
      "36": {
        "start": { "line": 37, "column": 0 },
        "end": { "line": 37, "column": 21 }
      },
      "37": {
        "start": { "line": 38, "column": 0 },
        "end": { "line": 38, "column": 61 }
      },
      "38": {
        "start": { "line": 39, "column": 0 },
        "end": { "line": 39, "column": 41 }
      },
      "39": {
        "start": { "line": 40, "column": 0 },
        "end": { "line": 40, "column": 38 }
      },
      "40": {
        "start": { "line": 41, "column": 0 },
        "end": { "line": 41, "column": 19 }
      },
      "41": {
        "start": { "line": 42, "column": 0 },
        "end": { "line": 42, "column": 34 }
      },
      "42": {
        "start": { "line": 43, "column": 0 },
        "end": { "line": 43, "column": 10 }
      },
      "43": {
        "start": { "line": 44, "column": 0 },
        "end": { "line": 44, "column": 70 }
      },
      "45": {
        "start": { "line": 46, "column": 0 },
        "end": { "line": 46, "column": 17 }
      },
      "46": {
        "start": { "line": 47, "column": 0 },
        "end": { "line": 47, "column": 15 }
      },
      "48": {
        "start": { "line": 49, "column": 0 },
        "end": { "line": 49, "column": 3 }
      },
      "49": {
        "start": { "line": 50, "column": 0 },
        "end": { "line": 50, "column": 1 }
      },
      "50": {
        "start": { "line": 51, "column": 0 },
        "end": { "line": 51, "column": 22 }
      }
    },
    "s": {
      "0": 1,
      "1": 1,
      "12": 1,
      "13": 18,
      "14": 18,
      "15": 18,
      "16": 18,
      "17": 18,
      "18": 18,
      "19": 18,
      "20": 18,
      "21": 18,
      "22": 4,
      "23": 4,
      "24": 18,
      "25": 2,
      "26": 2,
      "27": 18,
      "28": 2,
      "29": 1,
      "30": 1,
      "31": 2,
      "32": 18,
      "33": 36,
      "34": 36,
      "35": 36,
      "36": 36,
      "37": 36,
      "38": 36,
      "39": 36,
      "40": 36,
      "41": 36,
      "42": 36,
      "43": 36,
      "45": 36,
      "46": 36,
      "48": 36,
      "49": 18,
      "50": 1
    },
    "branchMap": {
      "0": {
        "type": "branch",
        "line": 13,
        "loc": {
          "start": { "line": 13, "column": 57 },
          "end": { "line": 50, "column": 1 }
        },
        "locations": [
          {
            "start": { "line": 13, "column": 57 },
            "end": { "line": 50, "column": 1 }
          }
        ]
      },
      "1": {
        "type": "branch",
        "line": 14,
        "loc": {
          "start": { "line": 14, "column": 2 },
          "end": { "line": 21, "column": 3 }
        },
        "locations": [
          {
            "start": { "line": 14, "column": 2 },
            "end": { "line": 21, "column": 3 }
          }
        ]
      },
      "2": {
        "type": "branch",
        "line": 17,
        "loc": {
          "start": { "line": 17, "column": 19 },
          "end": { "line": 17, "column": 38 }
        },
        "locations": [
          {
            "start": { "line": 17, "column": 19 },
            "end": { "line": 17, "column": 38 }
          }
        ]
      },
      "3": {
        "type": "branch",
        "line": 22,
        "loc": {
          "start": { "line": 22, "column": 2 },
          "end": { "line": 24, "column": 3 }
        },
        "locations": [
          {
            "start": { "line": 22, "column": 2 },
            "end": { "line": 24, "column": 3 }
          }
        ]
      },
      "4": {
        "type": "branch",
        "line": 25,
        "loc": {
          "start": { "line": 25, "column": 17 },
          "end": { "line": 27, "column": 4 }
        },
        "locations": [
          {
            "start": { "line": 25, "column": 17 },
            "end": { "line": 27, "column": 4 }
          }
        ]
      },
      "5": {
        "type": "branch",
        "line": 28,
        "loc": {
          "start": { "line": 28, "column": 19 },
          "end": { "line": 32, "column": 4 }
        },
        "locations": [
          {
            "start": { "line": 28, "column": 19 },
            "end": { "line": 32, "column": 4 }
          }
        ]
      },
      "6": {
        "type": "branch",
        "line": 29,
        "loc": {
          "start": { "line": 29, "column": 27 },
          "end": { "line": 31, "column": 5 }
        },
        "locations": [
          {
            "start": { "line": 29, "column": 27 },
            "end": { "line": 31, "column": 5 }
          }
        ]
      },
      "7": {
        "type": "branch",
        "line": 33,
        "loc": {
          "start": { "line": 33, "column": 2 },
          "end": { "line": 49, "column": 3 }
        },
        "locations": [
          {
            "start": { "line": 33, "column": 2 },
            "end": { "line": 49, "column": 3 }
          }
        ]
      }
    },
    "b": {
      "0": [18],
      "1": [18],
      "2": [16],
      "3": [4],
      "4": [2],
      "5": [2],
      "6": [1],
      "7": [36]
    },
    "fnMap": {
      "0": {
        "name": "<instance_members_initializer>",
        "decl": {
          "start": { "line": 13, "column": 57 },
          "end": { "line": 50, "column": 1 }
        },
        "loc": {
          "start": { "line": 13, "column": 57 },
          "end": { "line": 50, "column": 1 }
        },
        "line": 13
      },
      "1": {
        "name": "Search",
        "decl": {
          "start": { "line": 14, "column": 2 },
          "end": { "line": 21, "column": 3 }
        },
        "loc": {
          "start": { "line": 14, "column": 2 },
          "end": { "line": 21, "column": 3 }
        },
        "line": 14
      },
      "2": {
        "name": "handleChange",
        "decl": {
          "start": { "line": 22, "column": 2 },
          "end": { "line": 24, "column": 3 }
        },
        "loc": {
          "start": { "line": 22, "column": 2 },
          "end": { "line": 24, "column": 3 }
        },
        "line": 22
      },
      "3": {
        "name": "handleSearch",
        "decl": {
          "start": { "line": 25, "column": 17 },
          "end": { "line": 27, "column": 4 }
        },
        "loc": {
          "start": { "line": 25, "column": 17 },
          "end": { "line": 27, "column": 4 }
        },
        "line": 25
      },
      "4": {
        "name": "handleKeyPress",
        "decl": {
          "start": { "line": 28, "column": 19 },
          "end": { "line": 32, "column": 4 }
        },
        "loc": {
          "start": { "line": 28, "column": 19 },
          "end": { "line": 32, "column": 4 }
        },
        "line": 28
      },
      "5": {
        "name": "render",
        "decl": {
          "start": { "line": 33, "column": 2 },
          "end": { "line": 49, "column": 3 }
        },
        "loc": {
          "start": { "line": 33, "column": 2 },
          "end": { "line": 49, "column": 3 }
        },
        "line": 33
      }
    },
    "f": { "0": 18, "1": 18, "2": 4, "3": 2, "4": 2, "5": 36 }
  }
}
