{
  "/Users/veronikakashlei/Desktop/rs-react-app/src/App.tsx": {
    "path": "/Users/veronikakashlei/Desktop/rs-react-app/src/App.tsx",
    "all": false,
    "statementMap": {
      "0": {
        "start": { "line": 1, "column": 0 },
        "end": { "line": 1, "column": 19 }
      },
      "1": {
        "start": { "line": 2, "column": 0 },
        "end": { "line": 2, "column": 60 }
      },
      "2": {
        "start": { "line": 3, "column": 0 },
        "end": { "line": 3, "column": 60 }
      },
      "3": {
        "start": { "line": 4, "column": 0 },
        "end": { "line": 4, "column": 55 }
      },
      "4": {
        "start": { "line": 5, "column": 0 },
        "end": { "line": 5, "column": 48 }
      },
      "5": {
        "start": { "line": 6, "column": 0 },
        "end": { "line": 6, "column": 58 }
      },
      "6": {
        "start": { "line": 7, "column": 0 },
        "end": { "line": 7, "column": 54 }
      },
      "7": {
        "start": { "line": 8, "column": 0 },
        "end": { "line": 8, "column": 74 }
      },
      "9": {
        "start": { "line": 10, "column": 0 },
        "end": { "line": 10, "column": 16 }
      },
      "10": {
        "start": { "line": 11, "column": 0 },
        "end": { "line": 11, "column": 10 }
      },
      "11": {
        "start": { "line": 12, "column": 0 },
        "end": { "line": 12, "column": 19 }
      },
      "12": {
        "start": { "line": 13, "column": 0 },
        "end": { "line": 13, "column": 14 }
      },
      "13": {
        "start": { "line": 14, "column": 0 },
        "end": { "line": 14, "column": 22 }
      },
      "14": {
        "start": { "line": 15, "column": 0 },
        "end": { "line": 15, "column": 16 }
      },
      "15": {
        "start": { "line": 16, "column": 0 },
        "end": { "line": 16, "column": 52 }
      },
      "16": {
        "start": { "line": 17, "column": 0 },
        "end": { "line": 17, "column": 68 }
      },
      "17": {
        "start": { "line": 18, "column": 0 },
        "end": { "line": 18, "column": 18 }
      },
      "18": {
        "start": { "line": 19, "column": 0 },
        "end": { "line": 19, "column": 63 }
      },
      "19": {
        "start": { "line": 20, "column": 0 },
        "end": { "line": 20, "column": 62 }
      },
      "20": {
        "start": { "line": 21, "column": 0 },
        "end": { "line": 21, "column": 17 }
      },
      "21": {
        "start": { "line": 22, "column": 0 },
        "end": { "line": 22, "column": 15 }
      },
      "22": {
        "start": { "line": 23, "column": 0 },
        "end": { "line": 23, "column": 20 }
      },
      "24": {
        "start": { "line": 25, "column": 0 },
        "end": { "line": 25, "column": 1 }
      },
      "26": {
        "start": { "line": 27, "column": 0 },
        "end": { "line": 27, "column": 19 }
      }
    },
    "s": {
      "0": 1,
      "1": 1,
      "2": 1,
      "3": 1,
      "4": 1,
      "5": 1,
      "6": 1,
      "7": 1,
      "9": 1,
      "10": 1,
      "11": 1,
      "12": 1,
      "13": 1,
      "14": 1,
      "15": 1,
      "16": 1,
      "17": 1,
      "18": 1,
      "19": 1,
      "20": 1,
      "21": 1,
      "22": 1,
      "24": 1,
      "26": 1
    },
    "branchMap": {
      "0": {
        "type": "branch",
        "line": 10,
        "loc": {
          "start": { "line": 10, "column": 0 },
          "end": { "line": 25, "column": 1 }
        },
        "locations": [
          {
            "start": { "line": 10, "column": 0 },
            "end": { "line": 25, "column": 1 }
          }
        ]
      }
    },
    "b": { "0": [1] },
    "fnMap": {
      "0": {
        "name": "App",
        "decl": {
          "start": { "line": 10, "column": 0 },
          "end": { "line": 25, "column": 1 }
        },
        "loc": {
          "start": { "line": 10, "column": 0 },
          "end": { "line": 25, "column": 1 }
        },
        "line": 10
      }
    },
    "f": { "0": 1 }
  },
  "/Users/veronikakashlei/Desktop/rs-react-app/src/api/getPokemon.tsx": {
    "path": "/Users/veronikakashlei/Desktop/rs-react-app/src/api/getPokemon.tsx",
    "all": false,
    "statementMap": {
      "2": {
        "start": { "line": 3, "column": 0 },
        "end": { "line": 3, "column": 53 }
      },
      "3": {
        "start": { "line": 4, "column": 0 },
        "end": { "line": 4, "column": 117 }
      },
      "4": {
        "start": { "line": 5, "column": 0 },
        "end": { "line": 5, "column": 1 }
      },
      "6": {
        "start": { "line": 7, "column": 0 },
        "end": { "line": 7, "column": 48 }
      },
      "7": {
        "start": { "line": 8, "column": 0 },
        "end": { "line": 8, "column": 20 }
      },
      "8": {
        "start": { "line": 9, "column": 0 },
        "end": { "line": 9, "column": 41 }
      },
      "9": {
        "start": { "line": 10, "column": 0 },
        "end": { "line": 10, "column": 35 }
      },
      "10": {
        "start": { "line": 11, "column": 0 },
        "end": { "line": 11, "column": 3 }
      },
      "11": {
        "start": { "line": 12, "column": 0 },
        "end": { "line": 12, "column": 13 }
      },
      "12": {
        "start": { "line": 13, "column": 0 },
        "end": { "line": 13, "column": 1 }
      }
    },
    "s": {
      "2": 1,
      "3": 12,
      "4": 12,
      "6": 1,
      "7": 15,
      "8": 14,
      "9": 14,
      "10": 14,
      "11": 1,
      "12": 1
    },
    "branchMap": {
      "0": {
        "type": "branch",
        "line": 3,
        "loc": {
          "start": { "line": 3, "column": 7 },
          "end": { "line": 5, "column": 1 }
        },
        "locations": [
          {
            "start": { "line": 3, "column": 7 },
            "end": { "line": 5, "column": 1 }
          }
        ]
      },
      "1": {
        "type": "branch",
        "line": 7,
        "loc": {
          "start": { "line": 7, "column": 7 },
          "end": { "line": 13, "column": 1 }
        },
        "locations": [
          {
            "start": { "line": 7, "column": 7 },
            "end": { "line": 13, "column": 1 }
          }
        ]
      },
      "2": {
        "type": "branch",
        "line": 8,
        "loc": {
          "start": { "line": 8, "column": 19 },
          "end": { "line": 11, "column": 3 }
        },
        "locations": [
          {
            "start": { "line": 8, "column": 19 },
            "end": { "line": 11, "column": 3 }
          }
        ]
      },
      "3": {
        "type": "branch",
        "line": 11,
        "loc": {
          "start": { "line": 11, "column": 2 },
          "end": { "line": 13, "column": 1 }
        },
        "locations": [
          {
            "start": { "line": 11, "column": 2 },
            "end": { "line": 13, "column": 1 }
          }
        ]
      }
    },
    "b": { "0": [12], "1": [15], "2": [14], "3": [1] },
    "fnMap": {
      "0": {
        "name": "getPokemonImage",
        "decl": {
          "start": { "line": 3, "column": 7 },
          "end": { "line": 5, "column": 1 }
        },
        "loc": {
          "start": { "line": 3, "column": 7 },
          "end": { "line": 5, "column": 1 }
        },
        "line": 3
      },
      "1": {
        "name": "getPokemonId",
        "decl": {
          "start": { "line": 7, "column": 7 },
          "end": { "line": 13, "column": 1 }
        },
        "loc": {
          "start": { "line": 7, "column": 7 },
          "end": { "line": 13, "column": 1 }
        },
        "line": 7
      }
    },
    "f": { "0": 12, "1": 15 }
  },
  "/Users/veronikakashlei/Desktop/rs-react-app/src/components/error/ErrorBoundary.tsx": {
    "path": "/Users/veronikakashlei/Desktop/rs-react-app/src/components/error/ErrorBoundary.tsx",
    "all": false,
    "statementMap": {
      "0": {
        "start": { "line": 1, "column": 0 },
        "end": { "line": 1, "column": 56 }
      },
      "12": {
        "start": { "line": 13, "column": 0 },
        "end": { "line": 13, "column": 45 }
      },
      "15": {
        "start": { "line": 16, "column": 0 },
        "end": { "line": 16, "column": 3 }
      },
      "16": {
        "start": { "line": 17, "column": 0 },
        "end": { "line": 17, "column": 42 }
      },
      "17": {
        "start": { "line": 18, "column": 0 },
        "end": { "line": 18, "column": 17 }
      },
      "18": {
        "start": { "line": 19, "column": 0 },
        "end": { "line": 19, "column": 50 }
      },
      "19": {
        "start": { "line": 20, "column": 0 },
        "end": { "line": 20, "column": 3 }
      },
      "21": {
        "start": { "line": 22, "column": 0 },
        "end": { "line": 22, "column": 69 }
      },
      "22": {
        "start": { "line": 23, "column": 0 },
        "end": { "line": 23, "column": 37 }
      },
      "23": {
        "start": { "line": 24, "column": 0 },
        "end": { "line": 24, "column": 3 }
      },
      "25": {
        "start": { "line": 26, "column": 0 },
        "end": { "line": 26, "column": 57 }
      },
      "26": {
        "start": { "line": 27, "column": 0 },
        "end": { "line": 27, "column": 65 }
      },
      "27": {
        "start": { "line": 28, "column": 0 },
        "end": { "line": 28, "column": 3 }
      },
      "29": {
        "start": { "line": 30, "column": 0 },
        "end": { "line": 30, "column": 12 }
      },
      "30": {
        "start": { "line": 31, "column": 0 },
        "end": { "line": 31, "column": 30 }
      },
      "31": {
        "start": { "line": 32, "column": 0 },
        "end": { "line": 32, "column": 14 }
      },
      "32": {
        "start": { "line": 33, "column": 0 },
        "end": { "line": 33, "column": 32 }
      },
      "33": {
        "start": { "line": 34, "column": 0 },
        "end": { "line": 34, "column": 42 }
      },
      "34": {
        "start": { "line": 35, "column": 0 },
        "end": { "line": 35, "column": 41 }
      },
      "35": {
        "start": { "line": 36, "column": 0 },
        "end": { "line": 36, "column": 46 }
      },
      "36": {
        "start": { "line": 37, "column": 0 },
        "end": { "line": 37, "column": 71 }
      },
      "38": {
        "start": { "line": 39, "column": 0 },
        "end": { "line": 39, "column": 21 }
      },
      "39": {
        "start": { "line": 40, "column": 0 },
        "end": { "line": 40, "column": 16 }
      },
      "42": {
        "start": { "line": 43, "column": 0 },
        "end": { "line": 43, "column": 5 }
      },
      "44": {
        "start": { "line": 45, "column": 0 },
        "end": { "line": 45, "column": 31 }
      },
      "45": {
        "start": { "line": 46, "column": 0 },
        "end": { "line": 46, "column": 3 }
      },
      "46": {
        "start": { "line": 47, "column": 0 },
        "end": { "line": 47, "column": 1 }
      }
    },
    "s": {
      "0": 1,
      "12": 1,
      "15": 1,
      "16": 1,
      "17": 8,
      "18": 8,
      "19": 8,
      "21": 1,
      "22": 6,
      "23": 6,
      "25": 1,
      "26": 3,
      "27": 3,
      "29": 1,
      "30": 13,
      "31": 6,
      "32": 6,
      "33": 4,
      "34": 4,
      "35": 4,
      "36": 4,
      "38": 4,
      "39": 4,
      "42": 6,
      "44": 7,
      "45": 13,
      "46": 1
    },
    "branchMap": {
      "0": {
        "type": "branch",
        "line": 17,
        "loc": {
          "start": { "line": 17, "column": 2 },
          "end": { "line": 20, "column": 3 }
        },
        "locations": [
          {
            "start": { "line": 17, "column": 2 },
            "end": { "line": 20, "column": 3 }
          }
        ]
      },
      "1": {
        "type": "branch",
        "line": 22,
        "loc": {
          "start": { "line": 22, "column": 9 },
          "end": { "line": 24, "column": 3 }
        },
        "locations": [
          {
            "start": { "line": 22, "column": 9 },
            "end": { "line": 24, "column": 3 }
          }
        ]
      },
      "2": {
        "type": "branch",
        "line": 26,
        "loc": {
          "start": { "line": 26, "column": 2 },
          "end": { "line": 28, "column": 3 }
        },
        "locations": [
          {
            "start": { "line": 26, "column": 2 },
            "end": { "line": 28, "column": 3 }
          }
        ]
      },
      "3": {
        "type": "branch",
        "line": 30,
        "loc": {
          "start": { "line": 30, "column": 2 },
          "end": { "line": 46, "column": 3 }
        },
        "locations": [
          {
            "start": { "line": 30, "column": 2 },
            "end": { "line": 46, "column": 3 }
          }
        ]
      },
      "4": {
        "type": "branch",
        "line": 31,
        "loc": {
          "start": { "line": 31, "column": 29 },
          "end": { "line": 43, "column": 5 }
        },
        "locations": [
          {
            "start": { "line": 31, "column": 29 },
            "end": { "line": 43, "column": 5 }
          }
        ]
      },
      "5": {
        "type": "branch",
        "line": 33,
        "loc": {
          "start": { "line": 33, "column": 19 },
          "end": { "line": 40, "column": 16 }
        },
        "locations": [
          {
            "start": { "line": 33, "column": 19 },
            "end": { "line": 40, "column": 16 }
          }
        ]
      },
      "6": {
        "type": "branch",
        "line": 43,
        "loc": {
          "start": { "line": 43, "column": 4 },
          "end": { "line": 45, "column": 31 }
        },
        "locations": [
          {
            "start": { "line": 43, "column": 4 },
            "end": { "line": 45, "column": 31 }
          }
        ]
      }
    },
    "b": {
      "0": [8],
      "1": [6],
      "2": [3],
      "3": [13],
      "4": [6],
      "5": [4],
      "6": [7]
    },
    "fnMap": {
      "0": {
        "name": "ErrorBoundary",
        "decl": {
          "start": { "line": 17, "column": 2 },
          "end": { "line": 20, "column": 3 }
        },
        "loc": {
          "start": { "line": 17, "column": 2 },
          "end": { "line": 20, "column": 3 }
        },
        "line": 17
      },
      "1": {
        "name": "getDerivedStateFromError",
        "decl": {
          "start": { "line": 22, "column": 9 },
          "end": { "line": 24, "column": 3 }
        },
        "loc": {
          "start": { "line": 22, "column": 9 },
          "end": { "line": 24, "column": 3 }
        },
        "line": 22
      },
      "2": {
        "name": "componentDidCatch",
        "decl": {
          "start": { "line": 26, "column": 2 },
          "end": { "line": 28, "column": 3 }
        },
        "loc": {
          "start": { "line": 26, "column": 2 },
          "end": { "line": 28, "column": 3 }
        },
        "line": 26
      },
      "3": {
        "name": "render",
        "decl": {
          "start": { "line": 30, "column": 2 },
          "end": { "line": 46, "column": 3 }
        },
        "loc": {
          "start": { "line": 30, "column": 2 },
          "end": { "line": 46, "column": 3 }
        },
        "line": 30
      },
      "4": {
        "name": "onClick",
        "decl": {
          "start": { "line": 37, "column": 29 },
          "end": { "line": 37, "column": 71 }
        },
        "loc": {
          "start": { "line": 37, "column": 29 },
          "end": { "line": 37, "column": 71 }
        },
        "line": 37
      }
    },
    "f": { "0": 8, "1": 6, "2": 3, "3": 13, "4": 0 }
  },
  "/Users/veronikakashlei/Desktop/rs-react-app/src/components/main/Pagination.tsx": {
    "path": "/Users/veronikakashlei/Desktop/rs-react-app/src/components/main/Pagination.tsx",
    "all": false,
    "statementMap": {
      "0": {
        "start": { "line": 1, "column": 0 },
        "end": { "line": 1, "column": 26 }
      },
      "8": {
        "start": { "line": 9, "column": 0 },
        "end": { "line": 9, "column": 28 }
      },
      "9": {
        "start": { "line": 10, "column": 0 },
        "end": { "line": 10, "column": 14 }
      },
      "10": {
        "start": { "line": 11, "column": 0 },
        "end": { "line": 11, "column": 13 }
      },
      "11": {
        "start": { "line": 12, "column": 0 },
        "end": { "line": 12, "column": 15 }
      },
      "12": {
        "start": { "line": 13, "column": 0 },
        "end": { "line": 13, "column": 19 }
      },
      "13": {
        "start": { "line": 14, "column": 0 },
        "end": { "line": 14, "column": 21 }
      },
      "14": {
        "start": { "line": 15, "column": 0 },
        "end": { "line": 15, "column": 10 }
      },
      "15": {
        "start": { "line": 16, "column": 0 },
        "end": { "line": 16, "column": 32 }
      },
      "16": {
        "start": { "line": 17, "column": 0 },
        "end": { "line": 17, "column": 13 }
      },
      "17": {
        "start": { "line": 18, "column": 0 },
        "end": { "line": 18, "column": 53 }
      },
      "18": {
        "start": { "line": 19, "column": 0 },
        "end": { "line": 19, "column": 48 }
      },
      "19": {
        "start": { "line": 20, "column": 0 },
        "end": { "line": 20, "column": 7 }
      },
      "21": {
        "start": { "line": 22, "column": 0 },
        "end": { "line": 22, "column": 15 }
      },
      "22": {
        "start": { "line": 23, "column": 0 },
        "end": { "line": 23, "column": 12 }
      },
      "23": {
        "start": { "line": 24, "column": 0 },
        "end": { "line": 24, "column": 42 }
      },
      "24": {
        "start": { "line": 25, "column": 0 },
        "end": { "line": 25, "column": 13 }
      },
      "25": {
        "start": { "line": 26, "column": 0 },
        "end": { "line": 26, "column": 13 }
      },
      "26": {
        "start": { "line": 27, "column": 0 },
        "end": { "line": 27, "column": 53 }
      },
      "27": {
        "start": { "line": 28, "column": 0 },
        "end": { "line": 28, "column": 57 }
      },
      "28": {
        "start": { "line": 29, "column": 0 },
        "end": { "line": 29, "column": 7 }
      },
      "30": {
        "start": { "line": 31, "column": 0 },
        "end": { "line": 31, "column": 15 }
      },
      "31": {
        "start": { "line": 32, "column": 0 },
        "end": { "line": 32, "column": 10 }
      },
      "33": {
        "start": { "line": 34, "column": 0 },
        "end": { "line": 34, "column": 1 }
      }
    },
    "s": {
      "0": 1,
      "8": 1,
      "9": 3,
      "10": 3,
      "11": 3,
      "12": 3,
      "13": 3,
      "14": 3,
      "15": 3,
      "16": 3,
      "17": 3,
      "18": 3,
      "19": 3,
      "21": 3,
      "22": 3,
      "23": 3,
      "24": 3,
      "25": 3,
      "26": 3,
      "27": 3,
      "28": 3,
      "30": 3,
      "31": 3,
      "33": 3
    },
    "branchMap": {
      "0": {
        "type": "branch",
        "line": 9,
        "loc": {
          "start": { "line": 9, "column": 7 },
          "end": { "line": 34, "column": 1 }
        },
        "locations": [
          {
            "start": { "line": 9, "column": 7 },
            "end": { "line": 34, "column": 1 }
          }
        ]
      },
      "1": {
        "type": "branch",
        "line": 18,
        "loc": {
          "start": { "line": 18, "column": 17 },
          "end": { "line": 18, "column": 53 }
        },
        "locations": [
          {
            "start": { "line": 18, "column": 17 },
            "end": { "line": 18, "column": 53 }
          }
        ]
      }
    },
    "b": { "0": [3], "1": [1] },
    "fnMap": {
      "0": {
        "name": "Pagination",
        "decl": {
          "start": { "line": 9, "column": 7 },
          "end": { "line": 34, "column": 1 }
        },
        "loc": {
          "start": { "line": 9, "column": 7 },
          "end": { "line": 34, "column": 1 }
        },
        "line": 9
      },
      "1": {
        "name": "onClick",
        "decl": {
          "start": { "line": 18, "column": 17 },
          "end": { "line": 18, "column": 53 }
        },
        "loc": {
          "start": { "line": 18, "column": 17 },
          "end": { "line": 18, "column": 53 }
        },
        "line": 18
      },
      "2": {
        "name": "onClick",
        "decl": {
          "start": { "line": 27, "column": 17 },
          "end": { "line": 27, "column": 53 }
        },
        "loc": {
          "start": { "line": 27, "column": 17 },
          "end": { "line": 27, "column": 53 }
        },
        "line": 27
      }
    },
    "f": { "0": 3, "1": 1, "2": 0 }
  },
  "/Users/veronikakashlei/Desktop/rs-react-app/src/components/main/PokemonDetail.tsx": {
    "path": "/Users/veronikakashlei/Desktop/rs-react-app/src/components/main/PokemonDetail.tsx",
    "all": false,
    "statementMap": {
      "0": {
        "start": { "line": 1, "column": 0 },
        "end": { "line": 1, "column": 44 }
      },
      "1": {
        "start": { "line": 2, "column": 0 },
        "end": { "line": 2, "column": 29 }
      },
      "2": {
        "start": { "line": 3, "column": 0 },
        "end": { "line": 3, "column": 75 }
      },
      "4": {
        "start": { "line": 5, "column": 0 },
        "end": { "line": 5, "column": 51 }
      },
      "6": {
        "start": { "line": 7, "column": 0 },
        "end": { "line": 7, "column": 26 }
      },
      "7": {
        "start": { "line": 8, "column": 0 },
        "end": { "line": 8, "column": 29 }
      },
      "8": {
        "start": { "line": 9, "column": 0 },
        "end": { "line": 9, "column": 70 }
      },
      "9": {
        "start": { "line": 10, "column": 0 },
        "end": { "line": 10, "column": 52 }
      },
      "10": {
        "start": { "line": 11, "column": 0 },
        "end": { "line": 11, "column": 58 }
      },
      "11": {
        "start": { "line": 12, "column": 0 },
        "end": { "line": 12, "column": 33 }
      },
      "12": {
        "start": { "line": 13, "column": 0 },
        "end": { "line": 13, "column": 44 }
      },
      "13": {
        "start": { "line": 14, "column": 0 },
        "end": { "line": 14, "column": 35 }
      },
      "14": {
        "start": { "line": 15, "column": 0 },
        "end": { "line": 15, "column": 14 }
      },
      "15": {
        "start": { "line": 16, "column": 0 },
        "end": { "line": 16, "column": 20 }
      },
      "16": {
        "start": { "line": 17, "column": 0 },
        "end": { "line": 17, "column": 38 }
      },
      "17": {
        "start": { "line": 18, "column": 0 },
        "end": { "line": 18, "column": 7 }
      },
      "18": {
        "start": { "line": 19, "column": 0 },
        "end": { "line": 19, "column": 4 }
      },
      "20": {
        "start": { "line": 21, "column": 0 },
        "end": { "line": 21, "column": 19 }
      },
      "21": {
        "start": { "line": 22, "column": 0 },
        "end": { "line": 22, "column": 20 }
      },
      "23": {
        "start": { "line": 24, "column": 0 },
        "end": { "line": 24, "column": 45 }
      },
      "24": {
        "start": { "line": 25, "column": 0 },
        "end": { "line": 25, "column": 11 }
      },
      "25": {
        "start": { "line": 26, "column": 0 },
        "end": { "line": 26, "column": 27 }
      },
      "26": {
        "start": { "line": 27, "column": 0 },
        "end": { "line": 27, "column": 80 }
      },
      "27": {
        "start": { "line": 28, "column": 0 },
        "end": { "line": 28, "column": 63 }
      },
      "28": {
        "start": { "line": 29, "column": 0 },
        "end": { "line": 29, "column": 63 }
      },
      "29": {
        "start": { "line": 30, "column": 0 },
        "end": { "line": 30, "column": 20 }
      },
      "30": {
        "start": { "line": 31, "column": 0 },
        "end": { "line": 31, "column": 17 }
      },
      "31": {
        "start": { "line": 32, "column": 0 },
        "end": { "line": 32, "column": 71 }
      },
      "32": {
        "start": { "line": 33, "column": 0 },
        "end": { "line": 33, "column": 37 }
      },
      "33": {
        "start": { "line": 34, "column": 0 },
        "end": { "line": 34, "column": 52 }
      },
      "34": {
        "start": { "line": 35, "column": 0 },
        "end": { "line": 35, "column": 63 }
      },
      "35": {
        "start": { "line": 36, "column": 0 },
        "end": { "line": 36, "column": 35 }
      },
      "36": {
        "start": { "line": 37, "column": 0 },
        "end": { "line": 37, "column": 35 }
      },
      "37": {
        "start": { "line": 38, "column": 0 },
        "end": { "line": 38, "column": 11 }
      },
      "38": {
        "start": { "line": 39, "column": 0 },
        "end": { "line": 39, "column": 23 }
      },
      "39": {
        "start": { "line": 40, "column": 0 },
        "end": { "line": 40, "column": 21 }
      },
      "40": {
        "start": { "line": 41, "column": 0 },
        "end": { "line": 41, "column": 17 }
      },
      "41": {
        "start": { "line": 42, "column": 0 },
        "end": { "line": 42, "column": 72 }
      },
      "42": {
        "start": { "line": 43, "column": 0 },
        "end": { "line": 43, "column": 10 }
      },
      "43": {
        "start": { "line": 44, "column": 0 },
        "end": { "line": 44, "column": 25 }
      },
      "44": {
        "start": { "line": 45, "column": 0 },
        "end": { "line": 45, "column": 17 }
      },
      "45": {
        "start": { "line": 46, "column": 0 },
        "end": { "line": 46, "column": 28 }
      },
      "46": {
        "start": { "line": 47, "column": 0 },
        "end": { "line": 47, "column": 7 }
      },
      "47": {
        "start": { "line": 48, "column": 0 },
        "end": { "line": 48, "column": 6 }
      },
      "49": {
        "start": { "line": 50, "column": 0 },
        "end": { "line": 50, "column": 26 }
      },
      "50": {
        "start": { "line": 51, "column": 0 },
        "end": { "line": 51, "column": 11 }
      },
      "52": {
        "start": { "line": 53, "column": 0 },
        "end": { "line": 53, "column": 18 }
      },
      "53": {
        "start": { "line": 54, "column": 0 },
        "end": { "line": 54, "column": 12 }
      },
      "54": {
        "start": { "line": 55, "column": 0 },
        "end": { "line": 55, "column": 38 }
      },
      "55": {
        "start": { "line": 56, "column": 0 },
        "end": { "line": 56, "column": 47 }
      },
      "56": {
        "start": { "line": 57, "column": 0 },
        "end": { "line": 57, "column": 12 }
      },
      "58": {
        "start": { "line": 59, "column": 0 },
        "end": { "line": 59, "column": 3 }
      },
      "60": {
        "start": { "line": 61, "column": 0 },
        "end": { "line": 61, "column": 14 }
      },
      "61": {
        "start": { "line": 62, "column": 0 },
        "end": { "line": 62, "column": 12 }
      },
      "62": {
        "start": { "line": 63, "column": 0 },
        "end": { "line": 63, "column": 36 }
      },
      "63": {
        "start": { "line": 64, "column": 0 },
        "end": { "line": 64, "column": 22 }
      },
      "64": {
        "start": { "line": 65, "column": 0 },
        "end": { "line": 65, "column": 58 }
      },
      "65": {
        "start": { "line": 66, "column": 0 },
        "end": { "line": 66, "column": 12 }
      },
      "67": {
        "start": { "line": 68, "column": 0 },
        "end": { "line": 68, "column": 3 }
      },
      "69": {
        "start": { "line": 70, "column": 0 },
        "end": { "line": 70, "column": 28 }
      },
      "71": {
        "start": { "line": 72, "column": 0 },
        "end": { "line": 72, "column": 10 }
      },
      "72": {
        "start": { "line": 73, "column": 0 },
        "end": { "line": 73, "column": 36 }
      },
      "73": {
        "start": { "line": 74, "column": 0 },
        "end": { "line": 74, "column": 67 }
      },
      "75": {
        "start": { "line": 76, "column": 0 },
        "end": { "line": 76, "column": 15 }
      },
      "77": {
        "start": { "line": 78, "column": 0 },
        "end": { "line": 78, "column": 37 }
      },
      "78": {
        "start": { "line": 79, "column": 0 },
        "end": { "line": 79, "column": 80 }
      },
      "79": {
        "start": { "line": 80, "column": 0 },
        "end": { "line": 80, "column": 38 }
      },
      "80": {
        "start": { "line": 81, "column": 0 },
        "end": { "line": 81, "column": 39 }
      },
      "81": {
        "start": { "line": 82, "column": 0 },
        "end": { "line": 82, "column": 74 }
      },
      "82": {
        "start": { "line": 83, "column": 0 },
        "end": { "line": 83, "column": 15 }
      },
      "83": {
        "start": { "line": 84, "column": 0 },
        "end": { "line": 84, "column": 63 }
      },
      "84": {
        "start": { "line": 85, "column": 0 },
        "end": { "line": 85, "column": 41 }
      },
      "85": {
        "start": { "line": 86, "column": 0 },
        "end": { "line": 86, "column": 43 }
      },
      "86": {
        "start": { "line": 87, "column": 0 },
        "end": { "line": 87, "column": 69 }
      },
      "87": {
        "start": { "line": 88, "column": 0 },
        "end": { "line": 88, "column": 22 }
      },
      "88": {
        "start": { "line": 89, "column": 0 },
        "end": { "line": 89, "column": 21 }
      },
      "89": {
        "start": { "line": 90, "column": 0 },
        "end": { "line": 90, "column": 15 }
      },
      "90": {
        "start": { "line": 91, "column": 0 },
        "end": { "line": 91, "column": 16 }
      },
      "91": {
        "start": { "line": 92, "column": 0 },
        "end": { "line": 92, "column": 41 }
      },
      "92": {
        "start": { "line": 93, "column": 0 },
        "end": { "line": 93, "column": 43 }
      },
      "93": {
        "start": { "line": 94, "column": 0 },
        "end": { "line": 94, "column": 36 }
      },
      "94": {
        "start": { "line": 95, "column": 0 },
        "end": { "line": 95, "column": 58 }
      },
      "95": {
        "start": { "line": 96, "column": 0 },
        "end": { "line": 96, "column": 46 }
      },
      "96": {
        "start": { "line": 97, "column": 0 },
        "end": { "line": 97, "column": 20 }
      },
      "97": {
        "start": { "line": 98, "column": 0 },
        "end": { "line": 98, "column": 36 }
      },
      "98": {
        "start": { "line": 99, "column": 0 },
        "end": { "line": 99, "column": 58 }
      },
      "99": {
        "start": { "line": 100, "column": 0 },
        "end": { "line": 100, "column": 47 }
      },
      "100": {
        "start": { "line": 101, "column": 0 },
        "end": { "line": 101, "column": 20 }
      },
      "101": {
        "start": { "line": 102, "column": 0 },
        "end": { "line": 102, "column": 18 }
      },
      "102": {
        "start": { "line": 103, "column": 0 },
        "end": { "line": 103, "column": 16 }
      },
      "103": {
        "start": { "line": 104, "column": 0 },
        "end": { "line": 104, "column": 45 }
      },
      "104": {
        "start": { "line": 105, "column": 0 },
        "end": { "line": 105, "column": 30 }
      },
      "105": {
        "start": { "line": 106, "column": 0 },
        "end": { "line": 106, "column": 16 }
      },
      "106": {
        "start": { "line": 107, "column": 0 },
        "end": { "line": 107, "column": 52 }
      },
      "107": {
        "start": { "line": 108, "column": 0 },
        "end": { "line": 108, "column": 66 }
      },
      "108": {
        "start": { "line": 109, "column": 0 },
        "end": { "line": 109, "column": 17 }
      },
      "109": {
        "start": { "line": 110, "column": 0 },
        "end": { "line": 110, "column": 17 }
      },
      "110": {
        "start": { "line": 111, "column": 0 },
        "end": { "line": 111, "column": 16 }
      },
      "111": {
        "start": { "line": 112, "column": 0 },
        "end": { "line": 112, "column": 14 }
      },
      "112": {
        "start": { "line": 113, "column": 0 },
        "end": { "line": 113, "column": 12 }
      },
      "113": {
        "start": { "line": 114, "column": 0 },
        "end": { "line": 114, "column": 10 }
      },
      "115": {
        "start": { "line": 116, "column": 0 },
        "end": { "line": 116, "column": 1 }
      },
      "117": {
        "start": { "line": 118, "column": 0 },
        "end": { "line": 118, "column": 29 }
      }
    },
    "s": {
      "0": 1,
      "1": 1,
      "2": 1,
      "4": 1,
      "6": 10,
      "7": 10,
      "8": 10,
      "9": 10,
      "10": 10,
      "11": 10,
      "12": 10,
      "13": 10,
      "14": 1,
      "15": 1,
      "16": 1,
      "17": 1,
      "18": 1,
      "20": 10,
      "21": 4,
      "23": 3,
      "24": 3,
      "25": 3,
      "26": 3,
      "27": 3,
      "28": 1,
      "29": 1,
      "30": 1,
      "31": 1,
      "32": 1,
      "33": 1,
      "34": 1,
      "35": 1,
      "36": 1,
      "37": 1,
      "38": 1,
      "39": 3,
      "40": 2,
      "41": 2,
      "42": 2,
      "43": 2,
      "44": 3,
      "45": 3,
      "46": 3,
      "47": 3,
      "49": 3,
      "50": 10,
      "52": 10,
      "53": 3,
      "54": 3,
      "55": 3,
      "56": 3,
      "58": 3,
      "60": 10,
      "61": 2,
      "62": 2,
      "63": 2,
      "64": 2,
      "65": 2,
      "67": 2,
      "69": 10,
      "71": 1,
      "72": 1,
      "73": 1,
      "75": 1,
      "77": 1,
      "78": 1,
      "79": 1,
      "80": 1,
      "81": 1,
      "82": 1,
      "83": 10,
      "84": 10,
      "85": 10,
      "86": 1,
      "87": 1,
      "88": 1,
      "89": 10,
      "90": 10,
      "91": 10,
      "92": 10,
      "93": 10,
      "94": 10,
      "95": 10,
      "96": 10,
      "97": 10,
      "98": 10,
      "99": 10,
      "100": 10,
      "101": 10,
      "102": 10,
      "103": 10,
      "104": 10,
      "105": 10,
      "106": 10,
      "107": 1,
      "108": 10,
      "109": 10,
      "110": 10,
      "111": 10,
      "112": 10,
      "113": 10,
      "115": 10,
      "117": 1
    },
    "branchMap": {
      "0": {
        "type": "branch",
        "line": 7,
        "loc": {
          "start": { "line": 7, "column": 0 },
          "end": { "line": 116, "column": 1 }
        },
        "locations": [
          {
            "start": { "line": 7, "column": 0 },
            "end": { "line": 116, "column": 1 }
          }
        ]
      },
      "1": {
        "type": "branch",
        "line": 53,
        "loc": {
          "start": { "line": 53, "column": 17 },
          "end": { "line": 59, "column": 3 }
        },
        "locations": [
          {
            "start": { "line": 53, "column": 17 },
            "end": { "line": 59, "column": 3 }
          }
        ]
      },
      "2": {
        "type": "branch",
        "line": 59,
        "loc": {
          "start": { "line": 59, "column": 2 },
          "end": { "line": 61, "column": 13 }
        },
        "locations": [
          {
            "start": { "line": 59, "column": 2 },
            "end": { "line": 61, "column": 13 }
          }
        ]
      },
      "3": {
        "type": "branch",
        "line": 61,
        "loc": {
          "start": { "line": 61, "column": 13 },
          "end": { "line": 68, "column": 3 }
        },
        "locations": [
          {
            "start": { "line": 61, "column": 13 },
            "end": { "line": 68, "column": 3 }
          }
        ]
      },
      "4": {
        "type": "branch",
        "line": 68,
        "loc": {
          "start": { "line": 68, "column": 2 },
          "end": { "line": 70, "column": 23 }
        },
        "locations": [
          {
            "start": { "line": 68, "column": 2 },
            "end": { "line": 70, "column": 23 }
          }
        ]
      },
      "5": {
        "type": "branch",
        "line": 70,
        "loc": {
          "start": { "line": 70, "column": 16 },
          "end": { "line": 70, "column": 28 }
        },
        "locations": [
          {
            "start": { "line": 70, "column": 16 },
            "end": { "line": 70, "column": 28 }
          }
        ]
      },
      "6": {
        "type": "branch",
        "line": 70,
        "loc": {
          "start": { "line": 70, "column": 23 },
          "end": { "line": 84, "column": 51 }
        },
        "locations": [
          {
            "start": { "line": 70, "column": 23 },
            "end": { "line": 84, "column": 51 }
          }
        ]
      },
      "7": {
        "type": "branch",
        "line": 86,
        "loc": {
          "start": { "line": 86, "column": 21 },
          "end": { "line": 86, "column": 32 }
        },
        "locations": [
          {
            "start": { "line": 86, "column": 21 },
            "end": { "line": 86, "column": 32 }
          }
        ]
      },
      "8": {
        "type": "branch",
        "line": 107,
        "loc": {
          "start": { "line": 107, "column": 23 },
          "end": { "line": 107, "column": 38 }
        },
        "locations": [
          {
            "start": { "line": 107, "column": 23 },
            "end": { "line": 107, "column": 38 }
          }
        ]
      },
      "9": {
        "type": "branch",
        "line": 14,
        "loc": {
          "start": { "line": 14, "column": 28 },
          "end": { "line": 19, "column": 4 }
        },
        "locations": [
          {
            "start": { "line": 14, "column": 28 },
            "end": { "line": 19, "column": 4 }
          }
        ]
      },
      "10": {
        "type": "branch",
        "line": 21,
        "loc": {
          "start": { "line": 21, "column": 12 },
          "end": { "line": 51, "column": 5 }
        },
        "locations": [
          {
            "start": { "line": 21, "column": 12 },
            "end": { "line": 51, "column": 5 }
          }
        ]
      },
      "11": {
        "type": "branch",
        "line": 22,
        "loc": {
          "start": { "line": 22, "column": 13 },
          "end": { "line": 22, "column": 20 }
        },
        "locations": [
          {
            "start": { "line": 22, "column": 13 },
            "end": { "line": 22, "column": 20 }
          }
        ]
      },
      "12": {
        "type": "branch",
        "line": 22,
        "loc": {
          "start": { "line": 22, "column": 13 },
          "end": { "line": 50, "column": 26 }
        },
        "locations": [
          {
            "start": { "line": 22, "column": 13 },
            "end": { "line": 50, "column": 26 }
          }
        ]
      },
      "13": {
        "type": "branch",
        "line": 24,
        "loc": {
          "start": { "line": 24, "column": 32 },
          "end": { "line": 48, "column": 6 }
        },
        "locations": [
          {
            "start": { "line": 24, "column": 32 },
            "end": { "line": 48, "column": 6 }
          }
        ]
      },
      "14": {
        "type": "branch",
        "line": 27,
        "loc": {
          "start": { "line": 27, "column": 78 },
          "end": { "line": 28, "column": 32 }
        },
        "locations": [
          {
            "start": { "line": 27, "column": 78 },
            "end": { "line": 28, "column": 32 }
          }
        ]
      },
      "15": {
        "type": "branch",
        "line": 28,
        "loc": {
          "start": { "line": 28, "column": 26 },
          "end": { "line": 28, "column": 63 }
        },
        "locations": [
          {
            "start": { "line": 28, "column": 26 },
            "end": { "line": 28, "column": 63 }
          }
        ]
      },
      "16": {
        "type": "branch",
        "line": 28,
        "loc": {
          "start": { "line": 28, "column": 61 },
          "end": { "line": 40, "column": 15 }
        },
        "locations": [
          {
            "start": { "line": 28, "column": 61 },
            "end": { "line": 40, "column": 15 }
          }
        ]
      },
      "17": {
        "type": "branch",
        "line": 40,
        "loc": {
          "start": { "line": 40, "column": 6 },
          "end": { "line": 45, "column": 8 }
        },
        "locations": [
          {
            "start": { "line": 40, "column": 6 },
            "end": { "line": 45, "column": 8 }
          }
        ]
      },
      "18": {
        "type": "branch",
        "line": 42,
        "loc": {
          "start": { "line": 42, "column": 25 },
          "end": { "line": 42, "column": 47 }
        },
        "locations": [
          {
            "start": { "line": 42, "column": 25 },
            "end": { "line": 42, "column": 47 }
          }
        ]
      },
      "19": {
        "type": "branch",
        "line": 42,
        "loc": {
          "start": { "line": 42, "column": 37 },
          "end": { "line": 42, "column": 72 }
        },
        "locations": [
          {
            "start": { "line": 42, "column": 37 },
            "end": { "line": 42, "column": 72 }
          }
        ]
      },
      "20": {
        "type": "branch",
        "line": 34,
        "loc": {
          "start": { "line": 34, "column": 32 },
          "end": { "line": 34, "column": 50 }
        },
        "locations": [
          {
            "start": { "line": 34, "column": 32 },
            "end": { "line": 34, "column": 50 }
          }
        ]
      },
      "21": {
        "type": "branch",
        "line": 35,
        "loc": {
          "start": { "line": 35, "column": 40 },
          "end": { "line": 35, "column": 61 }
        },
        "locations": [
          {
            "start": { "line": 35, "column": 40 },
            "end": { "line": 35, "column": 61 }
          }
        ]
      },
      "22": {
        "type": "branch",
        "line": 86,
        "loc": {
          "start": { "line": 86, "column": 32 },
          "end": { "line": 89, "column": 21 }
        },
        "locations": [
          {
            "start": { "line": 86, "column": 32 },
            "end": { "line": 89, "column": 21 }
          }
        ]
      },
      "23": {
        "type": "branch",
        "line": 107,
        "loc": {
          "start": { "line": 107, "column": 38 },
          "end": { "line": 108, "column": 66 }
        },
        "locations": [
          {
            "start": { "line": 107, "column": 38 },
            "end": { "line": 108, "column": 66 }
          }
        ]
      }
    },
    "b": {
      "0": [10],
      "1": [3],
      "2": [7],
      "3": [2],
      "4": [5],
      "5": [4],
      "6": [1],
      "7": [1],
      "8": [1],
      "9": [1],
      "10": [4],
      "11": [1],
      "12": [3],
      "13": [3],
      "14": [1],
      "15": [0],
      "16": [1],
      "17": [2],
      "18": [1],
      "19": [1],
      "20": [1],
      "21": [1],
      "22": [1],
      "23": [1]
    },
    "fnMap": {
      "0": {
        "name": "PokemonDetail",
        "decl": {
          "start": { "line": 7, "column": 0 },
          "end": { "line": 116, "column": 1 }
        },
        "loc": {
          "start": { "line": 7, "column": 0 },
          "end": { "line": 116, "column": 1 }
        },
        "line": 7
      },
      "1": {
        "name": "handleCloseDetail",
        "decl": {
          "start": { "line": 14, "column": 28 },
          "end": { "line": 19, "column": 4 }
        },
        "loc": {
          "start": { "line": 14, "column": 28 },
          "end": { "line": 19, "column": 4 }
        },
        "line": 14
      },
      "2": {
        "name": "fetchPokemonDetails",
        "decl": {
          "start": { "line": 24, "column": 32 },
          "end": { "line": 48, "column": 6 }
        },
        "loc": {
          "start": { "line": 24, "column": 32 },
          "end": { "line": 48, "column": 6 }
        },
        "line": 24
      }
    },
    "f": { "0": 10, "1": 1, "2": 3 }
  },
  "/Users/veronikakashlei/Desktop/rs-react-app/src/components/main/PokemonList.tsx": {
    "path": "/Users/veronikakashlei/Desktop/rs-react-app/src/components/main/PokemonList.tsx",
    "all": false,
    "statementMap": {
      "1": {
        "start": { "line": 2, "column": 0 },
        "end": { "line": 2, "column": 27 }
      },
      "2": {
        "start": { "line": 3, "column": 0 },
        "end": { "line": 3, "column": 64 }
      },
      "3": {
        "start": { "line": 4, "column": 0 },
        "end": { "line": 4, "column": 65 }
      },
      "4": {
        "start": { "line": 5, "column": 0 },
        "end": { "line": 5, "column": 55 }
      },
      "6": {
        "start": { "line": 7, "column": 0 },
        "end": { "line": 7, "column": 78 }
      },
      "12": {
        "start": { "line": 13, "column": 0 },
        "end": { "line": 13, "column": 53 }
      },
      "13": {
        "start": { "line": 14, "column": 0 },
        "end": { "line": 14, "column": 33 }
      },
      "14": {
        "start": { "line": 15, "column": 0 },
        "end": { "line": 15, "column": 43 }
      },
      "15": {
        "start": { "line": 16, "column": 0 },
        "end": { "line": 16, "column": 33 }
      },
      "16": {
        "start": { "line": 17, "column": 0 },
        "end": { "line": 17, "column": 39 }
      },
      "17": {
        "start": { "line": 18, "column": 0 },
        "end": { "line": 18, "column": 57 }
      },
      "18": {
        "start": { "line": 19, "column": 0 },
        "end": { "line": 19, "column": 4 }
      },
      "20": {
        "start": { "line": 21, "column": 0 },
        "end": { "line": 21, "column": 47 }
      },
      "21": {
        "start": { "line": 22, "column": 0 },
        "end": { "line": 22, "column": 64 }
      },
      "22": {
        "start": { "line": 23, "column": 0 },
        "end": { "line": 23, "column": 14 }
      },
      "23": {
        "start": { "line": 24, "column": 0 },
        "end": { "line": 24, "column": 32 }
      },
      "24": {
        "start": { "line": 25, "column": 0 },
        "end": { "line": 25, "column": 32 }
      },
      "25": {
        "start": { "line": 26, "column": 0 },
        "end": { "line": 26, "column": 7 }
      },
      "26": {
        "start": { "line": 27, "column": 0 },
        "end": { "line": 27, "column": 4 }
      },
      "27": {
        "start": { "line": 28, "column": 0 },
        "end": { "line": 28, "column": 75 }
      },
      "28": {
        "start": { "line": 29, "column": 0 },
        "end": { "line": 29, "column": 24 }
      },
      "29": {
        "start": { "line": 30, "column": 0 },
        "end": { "line": 30, "column": 46 }
      },
      "30": {
        "start": { "line": 31, "column": 0 },
        "end": { "line": 31, "column": 4 }
      },
      "31": {
        "start": { "line": 32, "column": 0 },
        "end": { "line": 32, "column": 10 }
      },
      "32": {
        "start": { "line": 33, "column": 0 },
        "end": { "line": 33, "column": 34 }
      },
      "33": {
        "start": { "line": 34, "column": 0 },
        "end": { "line": 34, "column": 33 }
      },
      "34": {
        "start": { "line": 35, "column": 0 },
        "end": { "line": 35, "column": 41 }
      },
      "35": {
        "start": { "line": 36, "column": 0 },
        "end": { "line": 36, "column": 80 }
      },
      "36": {
        "start": { "line": 37, "column": 0 },
        "end": { "line": 37, "column": 16 }
      },
      "37": {
        "start": { "line": 38, "column": 0 },
        "end": { "line": 38, "column": 14 }
      },
      "38": {
        "start": { "line": 39, "column": 0 },
        "end": { "line": 39, "column": 20 }
      },
      "39": {
        "start": { "line": 40, "column": 0 },
        "end": { "line": 40, "column": 70 }
      },
      "40": {
        "start": { "line": 41, "column": 0 },
        "end": { "line": 41, "column": 51 }
      },
      "42": {
        "start": { "line": 43, "column": 0 },
        "end": { "line": 43, "column": 16 }
      },
      "43": {
        "start": { "line": 44, "column": 0 },
        "end": { "line": 44, "column": 42 }
      },
      "44": {
        "start": { "line": 45, "column": 0 },
        "end": { "line": 45, "column": 63 }
      },
      "46": {
        "start": { "line": 47, "column": 0 },
        "end": { "line": 47, "column": 20 }
      },
      "47": {
        "start": { "line": 48, "column": 0 },
        "end": { "line": 48, "column": 31 }
      },
      "48": {
        "start": { "line": 49, "column": 0 },
        "end": { "line": 49, "column": 36 }
      },
      "49": {
        "start": { "line": 50, "column": 0 },
        "end": { "line": 50, "column": 24 }
      },
      "50": {
        "start": { "line": 51, "column": 0 },
        "end": { "line": 51, "column": 54 }
      },
      "51": {
        "start": { "line": 52, "column": 0 },
        "end": { "line": 52, "column": 16 }
      },
      "52": {
        "start": { "line": 53, "column": 0 },
        "end": { "line": 53, "column": 18 }
      },
      "53": {
        "start": { "line": 54, "column": 0 },
        "end": { "line": 54, "column": 16 }
      },
      "54": {
        "start": { "line": 55, "column": 0 },
        "end": { "line": 55, "column": 39 }
      },
      "55": {
        "start": { "line": 56, "column": 0 },
        "end": { "line": 56, "column": 32 }
      },
      "56": {
        "start": { "line": 57, "column": 0 },
        "end": { "line": 57, "column": 39 }
      },
      "57": {
        "start": { "line": 58, "column": 0 },
        "end": { "line": 58, "column": 14 }
      },
      "58": {
        "start": { "line": 59, "column": 0 },
        "end": { "line": 59, "column": 42 }
      },
      "59": {
        "start": { "line": 60, "column": 0 },
        "end": { "line": 60, "column": 43 }
      },
      "60": {
        "start": { "line": 61, "column": 0 },
        "end": { "line": 61, "column": 78 }
      },
      "61": {
        "start": { "line": 62, "column": 0 },
        "end": { "line": 62, "column": 19 }
      },
      "62": {
        "start": { "line": 63, "column": 0 },
        "end": { "line": 63, "column": 66 }
      },
      "63": {
        "start": { "line": 64, "column": 0 },
        "end": { "line": 64, "column": 18 }
      },
      "64": {
        "start": { "line": 65, "column": 0 },
        "end": { "line": 65, "column": 16 }
      },
      "66": {
        "start": { "line": 67, "column": 0 },
        "end": { "line": 67, "column": 9 }
      },
      "67": {
        "start": { "line": 68, "column": 0 },
        "end": { "line": 68, "column": 10 }
      },
      "69": {
        "start": { "line": 70, "column": 0 },
        "end": { "line": 70, "column": 1 }
      },
      "71": {
        "start": { "line": 72, "column": 0 },
        "end": { "line": 72, "column": 27 }
      }
    },
    "s": {
      "1": 1,
      "2": 1,
      "3": 1,
      "4": 1,
      "6": 1,
      "12": 11,
      "13": 11,
      "14": 11,
      "15": 11,
      "16": 11,
      "17": 11,
      "18": 11,
      "20": 11,
      "21": 1,
      "22": 1,
      "23": 1,
      "24": 1,
      "25": 1,
      "26": 1,
      "27": 11,
      "28": 1,
      "29": 1,
      "30": 1,
      "31": 11,
      "32": 11,
      "33": 11,
      "34": 11,
      "35": 11,
      "36": 11,
      "37": 11,
      "38": 11,
      "39": 11,
      "40": 11,
      "42": 11,
      "43": 11,
      "44": 11,
      "46": 11,
      "47": 11,
      "48": 11,
      "49": 11,
      "50": 11,
      "51": 11,
      "52": 11,
      "53": 11,
      "54": 11,
      "55": 11,
      "56": 11,
      "57": 11,
      "58": 11,
      "59": 11,
      "60": 11,
      "61": 11,
      "62": 11,
      "63": 11,
      "64": 11,
      "66": 11,
      "67": 11,
      "69": 11,
      "71": 1
    },
    "branchMap": {
      "0": {
        "type": "branch",
        "line": 13,
        "loc": {
          "start": { "line": 13, "column": 0 },
          "end": { "line": 70, "column": 1 }
        },
        "locations": [
          {
            "start": { "line": 13, "column": 0 },
            "end": { "line": 70, "column": 1 }
          }
        ]
      },
      "1": {
        "type": "branch",
        "line": 18,
        "loc": {
          "start": { "line": 18, "column": 4 },
          "end": { "line": 18, "column": 57 }
        },
        "locations": [
          {
            "start": { "line": 18, "column": 4 },
            "end": { "line": 18, "column": 57 }
          }
        ]
      },
      "2": {
        "type": "branch",
        "line": 21,
        "loc": {
          "start": { "line": 21, "column": 30 },
          "end": { "line": 27, "column": 4 }
        },
        "locations": [
          {
            "start": { "line": 21, "column": 30 },
            "end": { "line": 27, "column": 4 }
          }
        ]
      },
      "3": {
        "type": "branch",
        "line": 28,
        "loc": {
          "start": { "line": 28, "column": 31 },
          "end": { "line": 31, "column": 4 }
        },
        "locations": [
          {
            "start": { "line": 28, "column": 31 },
            "end": { "line": 31, "column": 4 }
          }
        ]
      },
      "4": {
        "type": "branch",
        "line": 34,
        "loc": {
          "start": { "line": 34, "column": 19 },
          "end": { "line": 67, "column": 7 }
        },
        "locations": [
          {
            "start": { "line": 34, "column": 19 },
            "end": { "line": 67, "column": 7 }
          }
        ]
      },
      "5": {
        "type": "branch",
        "line": 40,
        "loc": {
          "start": { "line": 40, "column": 39 },
          "end": { "line": 40, "column": 65 }
        },
        "locations": [
          {
            "start": { "line": 40, "column": 39 },
            "end": { "line": 40, "column": 65 }
          }
        ]
      },
      "6": {
        "type": "branch",
        "line": 40,
        "loc": {
          "start": { "line": 40, "column": 52 },
          "end": { "line": 40, "column": 67 }
        },
        "locations": [
          {
            "start": { "line": 40, "column": 52 },
            "end": { "line": 40, "column": 67 }
          }
        ]
      },
      "7": {
        "type": "branch",
        "line": 36,
        "loc": {
          "start": { "line": 36, "column": 49 },
          "end": { "line": 36, "column": 78 }
        },
        "locations": [
          {
            "start": { "line": 36, "column": 49 },
            "end": { "line": 36, "column": 78 }
          }
        ]
      },
      "8": {
        "type": "branch",
        "line": 41,
        "loc": {
          "start": { "line": 41, "column": 21 },
          "end": { "line": 41, "column": 51 }
        },
        "locations": [
          {
            "start": { "line": 41, "column": 21 },
            "end": { "line": 41, "column": 51 }
          }
        ]
      },
      "9": {
        "type": "branch",
        "line": 45,
        "loc": {
          "start": { "line": 45, "column": 23 },
          "end": { "line": 45, "column": 63 }
        },
        "locations": [
          {
            "start": { "line": 45, "column": 23 },
            "end": { "line": 45, "column": 63 }
          }
        ]
      }
    },
    "b": {
      "0": [11],
      "1": [17],
      "2": [1],
      "3": [1],
      "4": [11],
      "5": [1],
      "6": [10],
      "7": [2],
      "8": [1],
      "9": [1]
    },
    "fnMap": {
      "0": {
        "name": "PokemonList",
        "decl": {
          "start": { "line": 13, "column": 0 },
          "end": { "line": 70, "column": 1 }
        },
        "loc": {
          "start": { "line": 13, "column": 0 },
          "end": { "line": 70, "column": 1 }
        },
        "line": 13
      },
      "1": {
        "name": "handlePokemonSelect",
        "decl": {
          "start": { "line": 21, "column": 30 },
          "end": { "line": 27, "column": 4 }
        },
        "loc": {
          "start": { "line": 21, "column": 30 },
          "end": { "line": 27, "column": 4 }
        },
        "line": 21
      },
      "2": {
        "name": "handleCheckboxChange",
        "decl": {
          "start": { "line": 28, "column": 31 },
          "end": { "line": 31, "column": 4 }
        },
        "loc": {
          "start": { "line": 28, "column": 31 },
          "end": { "line": 31, "column": 4 }
        },
        "line": 28
      },
      "3": {
        "name": "onClick",
        "decl": {
          "start": { "line": 41, "column": 21 },
          "end": { "line": 41, "column": 51 }
        },
        "loc": {
          "start": { "line": 41, "column": 21 },
          "end": { "line": 41, "column": 51 }
        },
        "line": 41
      },
      "4": {
        "name": "onClick",
        "decl": {
          "start": { "line": 45, "column": 23 },
          "end": { "line": 45, "column": 63 }
        },
        "loc": {
          "start": { "line": 45, "column": 23 },
          "end": { "line": 45, "column": 63 }
        },
        "line": 45
      }
    },
    "f": { "0": 11, "1": 1, "2": 1, "3": 1, "4": 1 }
  },
  "/Users/veronikakashlei/Desktop/rs-react-app/src/components/main/SelectedPokemonsPanel.tsx": {
    "path": "/Users/veronikakashlei/Desktop/rs-react-app/src/components/main/SelectedPokemonsPanel.tsx",
    "all": false,
    "statementMap": {
      "0": {
        "start": { "line": 1, "column": 0 },
        "end": { "line": 1, "column": 55 }
      },
      "1": {
        "start": { "line": 2, "column": 0 },
        "end": { "line": 2, "column": 48 }
      },
      "2": {
        "start": { "line": 3, "column": 0 },
        "end": { "line": 3, "column": 37 }
      },
      "4": {
        "start": { "line": 5, "column": 0 },
        "end": { "line": 5, "column": 77 }
      },
      "6": {
        "start": { "line": 7, "column": 0 },
        "end": { "line": 7, "column": 34 }
      },
      "7": {
        "start": { "line": 8, "column": 0 },
        "end": { "line": 8, "column": 39 }
      },
      "8": {
        "start": { "line": 9, "column": 0 },
        "end": { "line": 9, "column": 57 }
      },
      "9": {
        "start": { "line": 10, "column": 0 },
        "end": { "line": 10, "column": 4 }
      },
      "10": {
        "start": { "line": 11, "column": 0 },
        "end": { "line": 11, "column": 33 }
      },
      "12": {
        "start": { "line": 13, "column": 0 },
        "end": { "line": 13, "column": 32 }
      },
      "13": {
        "start": { "line": 14, "column": 0 },
        "end": { "line": 14, "column": 42 }
      },
      "14": {
        "start": { "line": 15, "column": 0 },
        "end": { "line": 15, "column": 55 }
      },
      "15": {
        "start": { "line": 16, "column": 0 },
        "end": { "line": 16, "column": 39 }
      },
      "16": {
        "start": { "line": 17, "column": 0 },
        "end": { "line": 17, "column": 69 }
      },
      "17": {
        "start": { "line": 18, "column": 0 },
        "end": { "line": 18, "column": 7 }
      },
      "18": {
        "start": { "line": 19, "column": 0 },
        "end": { "line": 19, "column": 66 }
      },
      "19": {
        "start": { "line": 20, "column": 0 },
        "end": { "line": 20, "column": 77 }
      },
      "20": {
        "start": { "line": 21, "column": 0 },
        "end": { "line": 21, "column": 42 }
      },
      "21": {
        "start": { "line": 22, "column": 0 },
        "end": { "line": 22, "column": 45 }
      },
      "22": {
        "start": { "line": 23, "column": 0 },
        "end": { "line": 23, "column": 35 }
      },
      "23": {
        "start": { "line": 24, "column": 0 },
        "end": { "line": 24, "column": 77 }
      },
      "24": {
        "start": { "line": 25, "column": 0 },
        "end": { "line": 25, "column": 17 }
      },
      "25": {
        "start": { "line": 26, "column": 0 },
        "end": { "line": 26, "column": 3 }
      },
      "27": {
        "start": { "line": 28, "column": 0 },
        "end": { "line": 28, "column": 38 }
      },
      "28": {
        "start": { "line": 29, "column": 0 },
        "end": { "line": 29, "column": 16 }
      },
      "29": {
        "start": { "line": 30, "column": 0 },
        "end": { "line": 30, "column": 3 }
      },
      "31": {
        "start": { "line": 32, "column": 0 },
        "end": { "line": 32, "column": 10 }
      },
      "32": {
        "start": { "line": 33, "column": 0 },
        "end": { "line": 33, "column": 36 }
      },
      "33": {
        "start": { "line": 34, "column": 0 },
        "end": { "line": 34, "column": 46 }
      },
      "34": {
        "start": { "line": 35, "column": 0 },
        "end": { "line": 35, "column": 46 }
      },
      "35": {
        "start": { "line": 36, "column": 0 },
        "end": { "line": 36, "column": 50 }
      },
      "36": {
        "start": { "line": 37, "column": 0 },
        "end": { "line": 37, "column": 37 }
      },
      "37": {
        "start": { "line": 38, "column": 0 },
        "end": { "line": 38, "column": 17 }
      },
      "39": {
        "start": { "line": 40, "column": 0 },
        "end": { "line": 40, "column": 13 }
      },
      "40": {
        "start": { "line": 41, "column": 0 },
        "end": { "line": 41, "column": 49 }
      },
      "41": {
        "start": { "line": 42, "column": 0 },
        "end": { "line": 42, "column": 17 }
      },
      "42": {
        "start": { "line": 43, "column": 0 },
        "end": { "line": 43, "column": 76 }
      },
      "43": {
        "start": { "line": 44, "column": 0 },
        "end": { "line": 44, "column": 61 }
      },
      "45": {
        "start": { "line": 46, "column": 0 },
        "end": { "line": 46, "column": 55 }
      },
      "47": {
        "start": { "line": 48, "column": 0 },
        "end": { "line": 48, "column": 19 }
      },
      "48": {
        "start": { "line": 49, "column": 0 },
        "end": { "line": 49, "column": 17 }
      },
      "49": {
        "start": { "line": 50, "column": 0 },
        "end": { "line": 50, "column": 79 }
      },
      "50": {
        "start": { "line": 51, "column": 0 },
        "end": { "line": 51, "column": 39 }
      },
      "52": {
        "start": { "line": 53, "column": 0 },
        "end": { "line": 53, "column": 58 }
      },
      "54": {
        "start": { "line": 55, "column": 0 },
        "end": { "line": 55, "column": 19 }
      },
      "55": {
        "start": { "line": 56, "column": 0 },
        "end": { "line": 56, "column": 14 }
      },
      "56": {
        "start": { "line": 57, "column": 0 },
        "end": { "line": 57, "column": 12 }
      },
      "57": {
        "start": { "line": 58, "column": 0 },
        "end": { "line": 58, "column": 10 }
      },
      "59": {
        "start": { "line": 60, "column": 0 },
        "end": { "line": 60, "column": 1 }
      },
      "61": {
        "start": { "line": 62, "column": 0 },
        "end": { "line": 62, "column": 37 }
      }
    },
    "s": {
      "0": 1,
      "1": 1,
      "2": 1,
      "4": 1,
      "6": 15,
      "7": 15,
      "8": 15,
      "9": 15,
      "10": 15,
      "12": 15,
      "13": 3,
      "14": 3,
      "15": 5,
      "16": 5,
      "17": 3,
      "18": 3,
      "19": 3,
      "20": 3,
      "21": 3,
      "22": 3,
      "23": 3,
      "24": 3,
      "25": 3,
      "27": 15,
      "28": 9,
      "29": 9,
      "31": 6,
      "32": 6,
      "33": 6,
      "34": 6,
      "35": 6,
      "36": 6,
      "37": 6,
      "39": 6,
      "40": 6,
      "41": 6,
      "42": 6,
      "43": 6,
      "45": 6,
      "47": 6,
      "48": 6,
      "49": 6,
      "50": 6,
      "52": 6,
      "54": 6,
      "55": 6,
      "56": 6,
      "57": 6,
      "59": 6,
      "61": 1
    },
    "branchMap": {
      "0": {
        "type": "branch",
        "line": 7,
        "loc": {
          "start": { "line": 7, "column": 0 },
          "end": { "line": 60, "column": 1 }
        },
        "locations": [
          {
            "start": { "line": 7, "column": 0 },
            "end": { "line": 60, "column": 1 }
          }
        ]
      },
      "1": {
        "type": "branch",
        "line": 28,
        "loc": {
          "start": { "line": 28, "column": 37 },
          "end": { "line": 30, "column": 3 }
        },
        "locations": [
          {
            "start": { "line": 28, "column": 37 },
            "end": { "line": 30, "column": 3 }
          }
        ]
      },
      "2": {
        "type": "branch",
        "line": 30,
        "loc": {
          "start": { "line": 30, "column": 2 },
          "end": { "line": 60, "column": 1 }
        },
        "locations": [
          {
            "start": { "line": 30, "column": 2 },
            "end": { "line": 60, "column": 1 }
          }
        ]
      },
      "3": {
        "type": "branch",
        "line": 9,
        "loc": {
          "start": { "line": 9, "column": 4 },
          "end": { "line": 9, "column": 57 }
        },
        "locations": [
          {
            "start": { "line": 9, "column": 4 },
            "end": { "line": 9, "column": 57 }
          }
        ]
      },
      "4": {
        "type": "branch",
        "line": 13,
        "loc": {
          "start": { "line": 13, "column": 2 },
          "end": { "line": 26, "column": 3 }
        },
        "locations": [
          {
            "start": { "line": 13, "column": 2 },
            "end": { "line": 26, "column": 3 }
          }
        ]
      },
      "5": {
        "type": "branch",
        "line": 15,
        "loc": {
          "start": { "line": 15, "column": 41 },
          "end": { "line": 18, "column": 5 }
        },
        "locations": [
          {
            "start": { "line": 15, "column": 41 },
            "end": { "line": 18, "column": 5 }
          }
        ]
      },
      "6": {
        "type": "branch",
        "line": 44,
        "loc": {
          "start": { "line": 44, "column": 21 },
          "end": { "line": 44, "column": 61 }
        },
        "locations": [
          {
            "start": { "line": 44, "column": 21 },
            "end": { "line": 44, "column": 61 }
          }
        ]
      }
    },
    "b": {
      "0": [15],
      "1": [9],
      "2": [6],
      "3": [26],
      "4": [3],
      "5": [5],
      "6": [1]
    },
    "fnMap": {
      "0": {
        "name": "SelectedPokemonsPanel",
        "decl": {
          "start": { "line": 7, "column": 0 },
          "end": { "line": 60, "column": 1 }
        },
        "loc": {
          "start": { "line": 7, "column": 0 },
          "end": { "line": 60, "column": 1 }
        },
        "line": 7
      },
      "1": {
        "name": "handleDownloadCSV",
        "decl": {
          "start": { "line": 13, "column": 2 },
          "end": { "line": 26, "column": 3 }
        },
        "loc": {
          "start": { "line": 13, "column": 2 },
          "end": { "line": 26, "column": 3 }
        },
        "line": 13
      },
      "2": {
        "name": "onClick",
        "decl": {
          "start": { "line": 44, "column": 21 },
          "end": { "line": 44, "column": 61 }
        },
        "loc": {
          "start": { "line": 44, "column": 21 },
          "end": { "line": 44, "column": 61 }
        },
        "line": 44
      }
    },
    "f": { "0": 15, "1": 3, "2": 1 }
  },
  "/Users/veronikakashlei/Desktop/rs-react-app/src/components/navigation/Navigation.tsx": {
    "path": "/Users/veronikakashlei/Desktop/rs-react-app/src/components/navigation/Navigation.tsx",
    "all": false,
    "statementMap": {
      "0": {
        "start": { "line": 1, "column": 0 },
        "end": { "line": 1, "column": 43 }
      },
      "1": {
        "start": { "line": 2, "column": 0 },
        "end": { "line": 2, "column": 26 }
      },
      "2": {
        "start": { "line": 3, "column": 0 },
        "end": { "line": 3, "column": 50 }
      },
      "4": {
        "start": { "line": 5, "column": 0 },
        "end": { "line": 5, "column": 23 }
      },
      "5": {
        "start": { "line": 6, "column": 0 },
        "end": { "line": 6, "column": 44 }
      },
      "6": {
        "start": { "line": 7, "column": 0 },
        "end": { "line": 7, "column": 10 }
      },
      "7": {
        "start": { "line": 8, "column": 0 },
        "end": { "line": 8, "column": 36 }
      },
      "8": {
        "start": { "line": 9, "column": 0 },
        "end": { "line": 9, "column": 43 }
      },
      "10": {
        "start": { "line": 11, "column": 0 },
        "end": { "line": 11, "column": 16 }
      },
      "11": {
        "start": { "line": 12, "column": 0 },
        "end": { "line": 12, "column": 33 }
      },
      "12": {
        "start": { "line": 13, "column": 0 },
        "end": { "line": 13, "column": 16 }
      },
      "13": {
        "start": { "line": 14, "column": 0 },
        "end": { "line": 14, "column": 16 }
      },
      "14": {
        "start": { "line": 15, "column": 0 },
        "end": { "line": 15, "column": 38 }
      },
      "15": {
        "start": { "line": 16, "column": 0 },
        "end": { "line": 16, "column": 53 }
      },
      "17": {
        "start": { "line": 18, "column": 0 },
        "end": { "line": 18, "column": 9 }
      },
      "19": {
        "start": { "line": 20, "column": 0 },
        "end": { "line": 20, "column": 18 }
      },
      "20": {
        "start": { "line": 21, "column": 0 },
        "end": { "line": 21, "column": 16 }
      },
      "21": {
        "start": { "line": 22, "column": 0 },
        "end": { "line": 22, "column": 21 }
      },
      "22": {
        "start": { "line": 23, "column": 0 },
        "end": { "line": 23, "column": 38 }
      },
      "23": {
        "start": { "line": 24, "column": 0 },
        "end": { "line": 24, "column": 53 }
      },
      "25": {
        "start": { "line": 26, "column": 0 },
        "end": { "line": 26, "column": 9 }
      },
      "27": {
        "start": { "line": 28, "column": 0 },
        "end": { "line": 28, "column": 18 }
      },
      "28": {
        "start": { "line": 29, "column": 0 },
        "end": { "line": 29, "column": 63 }
      },
      "29": {
        "start": { "line": 30, "column": 0 },
        "end": { "line": 30, "column": 43 }
      },
      "30": {
        "start": { "line": 31, "column": 0 },
        "end": { "line": 31, "column": 17 }
      },
      "31": {
        "start": { "line": 32, "column": 0 },
        "end": { "line": 32, "column": 12 }
      },
      "32": {
        "start": { "line": 33, "column": 0 },
        "end": { "line": 33, "column": 10 }
      },
      "34": {
        "start": { "line": 35, "column": 0 },
        "end": { "line": 35, "column": 1 }
      },
      "35": {
        "start": { "line": 36, "column": 0 },
        "end": { "line": 36, "column": 26 }
      }
    },
    "s": {
      "0": 1,
      "1": 1,
      "2": 1,
      "4": 4,
      "5": 4,
      "6": 4,
      "7": 4,
      "8": 4,
      "10": 4,
      "11": 4,
      "12": 4,
      "13": 4,
      "14": 4,
      "15": 6,
      "17": 4,
      "19": 4,
      "20": 4,
      "21": 4,
      "22": 4,
      "23": 6,
      "25": 4,
      "27": 4,
      "28": 4,
      "29": 4,
      "30": 4,
      "31": 4,
      "32": 4,
      "34": 4,
      "35": 1
    },
    "branchMap": {
      "0": {
        "type": "branch",
        "line": 5,
        "loc": {
          "start": { "line": 5, "column": 0 },
          "end": { "line": 35, "column": 1 }
        },
        "locations": [
          {
            "start": { "line": 5, "column": 0 },
            "end": { "line": 35, "column": 1 }
          }
        ]
      },
      "1": {
        "type": "branch",
        "line": 30,
        "loc": {
          "start": { "line": 30, "column": 21 },
          "end": { "line": 30, "column": 38 }
        },
        "locations": [
          {
            "start": { "line": 30, "column": 21 },
            "end": { "line": 30, "column": 38 }
          }
        ]
      },
      "2": {
        "type": "branch",
        "line": 30,
        "loc": {
          "start": { "line": 30, "column": 31 },
          "end": { "line": 30, "column": 43 }
        },
        "locations": [
          {
            "start": { "line": 30, "column": 31 },
            "end": { "line": 30, "column": 43 }
          }
        ]
      },
      "3": {
        "type": "branch",
        "line": 15,
        "loc": {
          "start": { "line": 15, "column": 21 },
          "end": { "line": 16, "column": 53 }
        },
        "locations": [
          {
            "start": { "line": 15, "column": 21 },
            "end": { "line": 16, "column": 53 }
          }
        ]
      },
      "4": {
        "type": "branch",
        "line": 16,
        "loc": {
          "start": { "line": 16, "column": 12 },
          "end": { "line": 16, "column": 43 }
        },
        "locations": [
          {
            "start": { "line": 16, "column": 12 },
            "end": { "line": 16, "column": 43 }
          }
        ]
      },
      "5": {
        "type": "branch",
        "line": 16,
        "loc": {
          "start": { "line": 16, "column": 23 },
          "end": { "line": 16, "column": 53 }
        },
        "locations": [
          {
            "start": { "line": 16, "column": 23 },
            "end": { "line": 16, "column": 53 }
          }
        ]
      },
      "6": {
        "type": "branch",
        "line": 23,
        "loc": {
          "start": { "line": 23, "column": 21 },
          "end": { "line": 24, "column": 53 }
        },
        "locations": [
          {
            "start": { "line": 23, "column": 21 },
            "end": { "line": 24, "column": 53 }
          }
        ]
      },
      "7": {
        "type": "branch",
        "line": 24,
        "loc": {
          "start": { "line": 24, "column": 12 },
          "end": { "line": 24, "column": 43 }
        },
        "locations": [
          {
            "start": { "line": 24, "column": 12 },
            "end": { "line": 24, "column": 43 }
          }
        ]
      },
      "8": {
        "type": "branch",
        "line": 24,
        "loc": {
          "start": { "line": 24, "column": 23 },
          "end": { "line": 24, "column": 53 }
        },
        "locations": [
          {
            "start": { "line": 24, "column": 23 },
            "end": { "line": 24, "column": 53 }
          }
        ]
      }
    },
    "b": {
      "0": [4],
      "1": [3],
      "2": [1],
      "3": [6],
      "4": [5],
      "5": [1],
      "6": [6],
      "7": [1],
      "8": [5]
    },
    "fnMap": {
      "0": {
        "name": "Navigation",
        "decl": {
          "start": { "line": 5, "column": 0 },
          "end": { "line": 35, "column": 1 }
        },
        "loc": {
          "start": { "line": 5, "column": 0 },
          "end": { "line": 35, "column": 1 }
        },
        "line": 5
      },
      "1": {
        "name": "className",
        "decl": {
          "start": { "line": 15, "column": 21 },
          "end": { "line": 16, "column": 53 }
        },
        "loc": {
          "start": { "line": 15, "column": 21 },
          "end": { "line": 16, "column": 53 }
        },
        "line": 15
      },
      "2": {
        "name": "className",
        "decl": {
          "start": { "line": 23, "column": 21 },
          "end": { "line": 24, "column": 53 }
        },
        "loc": {
          "start": { "line": 23, "column": 21 },
          "end": { "line": 24, "column": 53 }
        },
        "line": 23
      }
    },
    "f": { "0": 4, "1": 6, "2": 6 }
  },
  "/Users/veronikakashlei/Desktop/rs-react-app/src/components/search/Search.tsx": {
    "path": "/Users/veronikakashlei/Desktop/rs-react-app/src/components/search/Search.tsx",
    "all": false,
    "statementMap": {
      "0": {
        "start": { "line": 1, "column": 0 },
        "end": { "line": 1, "column": 33 }
      },
      "1": {
        "start": { "line": 2, "column": 0 },
        "end": { "line": 2, "column": 22 }
      },
      "8": {
        "start": { "line": 9, "column": 0 },
        "end": { "line": 9, "column": 64 }
      },
      "9": {
        "start": { "line": 10, "column": 0 },
        "end": { "line": 10, "column": 51 }
      },
      "11": {
        "start": { "line": 12, "column": 0 },
        "end": { "line": 12, "column": 71 }
      },
      "12": {
        "start": { "line": 13, "column": 0 },
        "end": { "line": 13, "column": 29 }
      },
      "13": {
        "start": { "line": 14, "column": 0 },
        "end": { "line": 14, "column": 3 }
      },
      "15": {
        "start": { "line": 16, "column": 0 },
        "end": { "line": 16, "column": 33 }
      },
      "16": {
        "start": { "line": 17, "column": 0 },
        "end": { "line": 17, "column": 20 }
      },
      "17": {
        "start": { "line": 18, "column": 0 },
        "end": { "line": 18, "column": 3 }
      },
      "19": {
        "start": { "line": 20, "column": 0 },
        "end": { "line": 20, "column": 51 }
      },
      "20": {
        "start": { "line": 21, "column": 0 },
        "end": { "line": 21, "column": 28 }
      },
      "21": {
        "start": { "line": 22, "column": 0 },
        "end": { "line": 22, "column": 21 }
      },
      "22": {
        "start": { "line": 23, "column": 0 },
        "end": { "line": 23, "column": 5 }
      },
      "23": {
        "start": { "line": 24, "column": 0 },
        "end": { "line": 24, "column": 3 }
      },
      "25": {
        "start": { "line": 26, "column": 0 },
        "end": { "line": 26, "column": 10 }
      },
      "26": {
        "start": { "line": 27, "column": 0 },
        "end": { "line": 27, "column": 12 }
      },
      "27": {
        "start": { "line": 28, "column": 0 },
        "end": { "line": 28, "column": 12 }
      },
      "28": {
        "start": { "line": 29, "column": 0 },
        "end": { "line": 29, "column": 19 }
      },
      "29": {
        "start": { "line": 30, "column": 0 },
        "end": { "line": 30, "column": 59 }
      },
      "30": {
        "start": { "line": 31, "column": 0 },
        "end": { "line": 31, "column": 34 }
      },
      "31": {
        "start": { "line": 32, "column": 0 },
        "end": { "line": 32, "column": 31 }
      },
      "32": {
        "start": { "line": 33, "column": 0 },
        "end": { "line": 33, "column": 17 }
      },
      "33": {
        "start": { "line": 34, "column": 0 },
        "end": { "line": 34, "column": 21 }
      },
      "34": {
        "start": { "line": 35, "column": 0 },
        "end": { "line": 35, "column": 8 }
      },
      "35": {
        "start": { "line": 36, "column": 0 },
        "end": { "line": 36, "column": 63 }
      },
      "37": {
        "start": { "line": 38, "column": 0 },
        "end": { "line": 38, "column": 15 }
      },
      "38": {
        "start": { "line": 39, "column": 0 },
        "end": { "line": 39, "column": 13 }
      },
      "40": {
        "start": { "line": 41, "column": 0 },
        "end": { "line": 41, "column": 1 }
      },
      "41": {
        "start": { "line": 42, "column": 0 },
        "end": { "line": 42, "column": 22 }
      }
    },
    "s": {
      "0": 1,
      "1": 1,
      "8": 18,
      "9": 18,
      "11": 18,
      "12": 4,
      "13": 4,
      "15": 18,
      "16": 2,
      "17": 2,
      "19": 18,
      "20": 2,
      "21": 1,
      "22": 1,
      "23": 2,
      "25": 18,
      "26": 18,
      "27": 18,
      "28": 18,
      "29": 18,
      "30": 18,
      "31": 18,
      "32": 18,
      "33": 18,
      "34": 18,
      "35": 18,
      "37": 18,
      "38": 18,
      "40": 18,
      "41": 1
    },
    "branchMap": {
      "0": {
        "type": "branch",
        "line": 9,
        "loc": {
          "start": { "line": 9, "column": 0 },
          "end": { "line": 41, "column": 1 }
        },
        "locations": [
          {
            "start": { "line": 9, "column": 0 },
            "end": { "line": 41, "column": 1 }
          }
        ]
      },
      "1": {
        "type": "branch",
        "line": 12,
        "loc": {
[...]
        "end": { "line": 150, "column": 42 }
      },
      "150": {
        "start": { "line": 151, "column": 0 },
        "end": { "line": 151, "column": 22 }
      },
      "151": {
        "start": { "line": 152, "column": 0 },
        "end": { "line": 152, "column": 16 }
      },
      "152": {
        "start": { "line": 153, "column": 0 },
        "end": { "line": 153, "column": 14 }
      },
      "154": {
        "start": { "line": 155, "column": 0 },
        "end": { "line": 155, "column": 10 }
      },
      "156": {
        "start": { "line": 157, "column": 0 },
        "end": { "line": 157, "column": 1 }
      },
      "158": {
        "start": { "line": 159, "column": 0 },
        "end": { "line": 159, "column": 31 }
      }
    },
    "s": {
      "0": 1,
      "1": 1,
      "2": 1,
      "3": 1,
      "4": 1,
      "6": 1,
      "7": 1,
      "8": 1,
      "10": 7,
      "11": 7,
      "12": 7,
      "13": 7,
      "14": 7,
      "15": 7,
      "16": 7,
      "17": 7,
      "19": 7,
      "21": 7,
      "22": 7,
      "23": 5,
      "24": 1,
      "25": 1,
      "27": 1,
      "28": 0,
      "29": 0,
      "30": 0,
      "31": 0,
      "32": 0,
      "33": 0,
      "34": 0,
      "35": 0,
      "37": 1,
      "38": 1,
      "39": 1,
      "40": 1,
      "41": 1,
      "42": 1,
      "43": 1,
      "44": 1,
      "45": 1,
      "46": 1,
      "47": 1,
      "48": 5,
      "49": 4,
      "50": 4,
      "51": 4,
      "53": 2,
      "54": 0,
      "55": 0,
      "57": 1,
      "58": 1,
      "59": 1,
      "60": 1,
      "61": 1,
      "62": 5,
      "63": 7,
      "64": 7,
      "66": 7,
      "67": 7,
      "68": 0,
      "69": 0,
      "70": 0,
      "71": 0,
      "72": 0,
      "73": 0,
      "74": 0,
      "75": 0,
      "76": 0,
      "77": 0,
      "78": 0,
      "79": 0,
      "80": 0,
      "81": 0,
      "82": 7,
      "83": 7,
      "85": 7,
      "86": 7,
      "87": 0,
      "89": 0,
      "90": 0,
      "92": 0,
      "93": 0,
      "94": 0,
      "95": 0,
      "96": 0,
      "97": 0,
      "98": 0,
      "99": 0,
      "100": 0,
      "101": 0,
      "102": 0,
      "103": 0,
      "104": 0,
      "105": 0,
      "106": 0,
      "107": 0,
      "108": 7,
      "109": 7,
      "111": 7,
      "112": 5,
      "113": 5,
      "114": 5,
      "115": 5,
      "116": 5,
      "117": 1,
      "118": 1,
      "119": 1,
      "120": 1,
      "121": 5,
      "122": 7,
      "124": 7,
      "125": 7,
      "126": 7,
      "127": 7,
      "128": 7,
      "129": 0,
      "130": 0,
      "131": 0,
      "132": 0,
      "133": 0,
      "135": 7,
      "136": 7,
      "137": 7,
      "138": 7,
      "139": 7,
      "140": 7,
      "141": 1,
      "142": 1,
      "143": 1,
      "144": 1,
      "145": 1,
      "146": 1,
      "148": 7,
      "149": 7,
      "150": 7,
      "151": 7,
      "152": 7,
      "154": 7,
      "156": 7,
      "158": 1
    },
    "branchMap": {
      "0": {
        "type": "branch",
        "line": 11,
        "loc": {
          "start": { "line": 11, "column": 0 },
          "end": { "line": 157, "column": 1 }
        },
        "locations": [
          {
            "start": { "line": 11, "column": 0 },
            "end": { "line": 157, "column": 1 }
          }
        ]
      },
      "1": {
        "type": "branch",
        "line": 20,
        "loc": {
          "start": { "line": 20, "column": 53 },
          "end": { "line": 20, "column": 60 }
        },
        "locations": [
          {
            "start": { "line": 20, "column": 53 },
            "end": { "line": 20, "column": 60 }
          }
        ]
      },
      "2": {
        "type": "branch",
        "line": 128,
        "loc": {
          "start": { "line": 128, "column": 7 },
          "end": { "line": 128, "column": 60 }
        },
        "locations": [
          {
            "start": { "line": 128, "column": 7 },
            "end": { "line": 128, "column": 60 }
          }
        ]
      },
      "3": {
        "type": "branch",
        "line": 129,
        "loc": {
          "start": { "line": 129, "column": 7 },
          "end": { "line": 134, "column": 14 }
        },
        "locations": [
          {
            "start": { "line": 129, "column": 7 },
            "end": { "line": 134, "column": 14 }
          }
        ]
      },
      "4": {
        "type": "branch",
        "line": 141,
        "loc": {
          "start": { "line": 141, "column": 14 },
          "end": { "line": 141, "column": 45 }
        },
        "locations": [
          {
            "start": { "line": 141, "column": 14 },
            "end": { "line": 141, "column": 45 }
          }
        ]
      },
      "5": {
        "type": "branch",
        "line": 141,
        "loc": {
          "start": { "line": 141, "column": 40 },
          "end": { "line": 141, "column": 68 }
        },
        "locations": [
          {
            "start": { "line": 141, "column": 40 },
            "end": { "line": 141, "column": 68 }
          }
        ]
      },
      "6": {
        "type": "branch",
        "line": 141,
        "loc": {
          "start": { "line": 141, "column": 62 },
          "end": { "line": 147, "column": 16 }
        },
        "locations": [
          {
            "start": { "line": 141, "column": 62 },
            "end": { "line": 147, "column": 16 }
          }
        ]
      },
      "7": {
        "type": "branch",
        "line": 23,
        "loc": {
          "start": { "line": 23, "column": 4 },
          "end": { "line": 63, "column": 6 }
        },
        "locations": [
          {
            "start": { "line": 23, "column": 4 },
            "end": { "line": 63, "column": 6 }
          }
        ]
      },
      "8": {
        "type": "branch",
        "line": 24,
        "loc": {
          "start": { "line": 24, "column": 17 },
          "end": { "line": 49, "column": 13 }
        },
        "locations": [
          {
            "start": { "line": 24, "column": 17 },
            "end": { "line": 49, "column": 13 }
          }
        ]
      },
      "9": {
        "type": "branch",
        "line": 28,
        "loc": {
          "start": { "line": 28, "column": 26 },
          "end": { "line": 36, "column": 9 }
        },
        "locations": [
          {
            "start": { "line": 28, "column": 26 },
            "end": { "line": 36, "column": 9 }
          }
        ]
      },
      "10": {
        "type": "branch",
        "line": 49,
        "loc": {
          "start": { "line": 49, "column": 6 },
          "end": { "line": 62, "column": 7 }
        },
        "locations": [
          {
            "start": { "line": 49, "column": 6 },
            "end": { "line": 62, "column": 7 }
          }
        ]
      },
      "11": {
        "type": "branch",
        "line": 52,
        "loc": {
          "start": { "line": 52, "column": 40 },
          "end": { "line": 62, "column": 7 }
        },
        "locations": [
          {
            "start": { "line": 52, "column": 40 },
            "end": { "line": 62, "column": 7 }
          }
        ]
      },
      "12": {
        "type": "branch",
        "line": 54,
        "loc": {
          "start": { "line": 54, "column": 26 },
          "end": { "line": 56, "column": 9 }
        },
        "locations": [
          {
            "start": { "line": 54, "column": 26 },
            "end": { "line": 56, "column": 9 }
          }
        ]
      },
      "13": {
        "type": "branch",
        "line": 56,
        "loc": {
          "start": { "line": 56, "column": 8 },
          "end": { "line": 62, "column": 7 }
        },
        "locations": [
          {
            "start": { "line": 56, "column": 8 },
            "end": { "line": 62, "column": 7 }
          }
        ]
      },
      "14": {
        "type": "branch",
        "line": 112,
        "loc": {
          "start": { "line": 112, "column": 12 },
          "end": { "line": 123, "column": 5 }
        },
        "locations": [
          {
            "start": { "line": 112, "column": 12 },
            "end": { "line": 123, "column": 5 }
          }
        ]
      },
      "15": {
        "type": "branch",
        "line": 113,
        "loc": {
          "start": { "line": 113, "column": 48 },
          "end": { "line": 113, "column": 55 }
        },
        "locations": [
          {
            "start": { "line": 113, "column": 48 },
            "end": { "line": 113, "column": 55 }
          }
        ]
      },
      "16": {
        "type": "branch",
        "line": 117,
        "loc": {
          "start": { "line": 117, "column": 40 },
          "end": { "line": 122, "column": 5 }
        },
        "locations": [
          {
            "start": { "line": 117, "column": 40 },
            "end": { "line": 122, "column": 5 }
          }
        ]
      },
      "17": {
        "type": "branch",
        "line": 119,
        "loc": {
          "start": { "line": 119, "column": 39 },
          "end": { "line": 119, "column": 74 }
        },
        "locations": [
          {
            "start": { "line": 119, "column": 39 },
            "end": { "line": 119, "column": 74 }
          }
        ]
      }
    },
    "b": {
      "0": [7],
      "1": [3],
      "2": [0],
      "3": [0],
      "4": [6],
      "5": [1],
      "6": [1],
      "7": [5],
      "8": [1],
      "9": [0],
      "10": [4],
      "11": [2],
      "12": [0],
      "13": [1],
      "14": [5],
      "15": [2],
      "16": [1],
      "17": [0]
    },
    "fnMap": {
      "0": {
        "name": "PokemonListPage",
        "decl": {
          "start": { "line": 11, "column": 0 },
          "end": { "line": 157, "column": 1 }
        },
        "loc": {
          "start": { "line": 11, "column": 0 },
          "end": { "line": 157, "column": 1 }
        },
        "line": 11
      }
    },
    "f": { "0": 7 }
  },
  "/Users/veronikakashlei/Desktop/rs-react-app/src/store/index.ts": {
    "path": "/Users/veronikakashlei/Desktop/rs-react-app/src/store/index.ts",
    "all": false,
    "statementMap": {
      "0": {
        "start": { "line": 1, "column": 0 },
        "end": { "line": 1, "column": 50 }
      },
      "1": {
        "start": { "line": 2, "column": 0 },
        "end": { "line": 2, "column": 67 }
      },
      "3": {
        "start": { "line": 4, "column": 0 },
        "end": { "line": 4, "column": 37 }
      },
      "4": {
        "start": { "line": 5, "column": 0 },
        "end": { "line": 5, "column": 12 }
      },
      "5": {
        "start": { "line": 6, "column": 0 },
        "end": { "line": 6, "column": 44 }
      },
      "6": {
        "start": { "line": 7, "column": 0 },
        "end": { "line": 7, "column": 4 }
      },
      "7": {
        "start": { "line": 8, "column": 0 },
        "end": { "line": 8, "column": 3 }
      }
    },
    "s": { "0": 1, "1": 1, "3": 1, "4": 1, "5": 1, "6": 1, "7": 1 },
    "branchMap": {},
    "b": {},
    "fnMap": {},
    "f": {}
  },
  "/Users/veronikakashlei/Desktop/rs-react-app/src/store/hooks/useLocalStorage.ts": {
    "path": "/Users/veronikakashlei/Desktop/rs-react-app/src/store/hooks/useLocalStorage.ts",
    "all": false,
    "statementMap": {
      "0": {
        "start": { "line": 1, "column": 0 },
        "end": { "line": 1, "column": 70 }
      },
      "2": {
        "start": { "line": 3, "column": 0 },
        "end": { "line": 3, "column": 32 }
      },
      "3": {
        "start": { "line": 4, "column": 0 },
        "end": { "line": 4, "column": 14 }
      },
      "4": {
        "start": { "line": 5, "column": 0 },
        "end": { "line": 5, "column": 22 }
      },
      "5": {
        "start": { "line": 6, "column": 0 },
        "end": { "line": 6, "column": 47 }
      },
      "6": {
        "start": { "line": 7, "column": 0 },
        "end": { "line": 7, "column": 44 }
      },
      "7": {
        "start": { "line": 8, "column": 0 },
        "end": { "line": 8, "column": 48 }
      },
      "8": {
        "start": { "line": 9, "column": 0 },
        "end": { "line": 9, "column": 37 }
      },
      "9": {
        "start": { "line": 10, "column": 0 },
        "end": { "line": 10, "column": 5 }
      },
      "10": {
        "start": { "line": 11, "column": 0 },
        "end": { "line": 11, "column": 19 }
      },
      "11": {
        "start": { "line": 12, "column": 0 },
        "end": { "line": 12, "column": 37 }
      },
      "12": {
        "start": { "line": 13, "column": 0 },
        "end": { "line": 13, "column": 19 }
      },
      "13": {
        "start": { "line": 14, "column": 0 },
        "end": { "line": 14, "column": 27 }
      },
      "14": {
        "start": { "line": 15, "column": 0 },
        "end": { "line": 15, "column": 1 }
      }
    },
    "s": {
      "0": 1,
      "2": 1,
      "3": 4,
      "4": 4,
      "5": 4,
      "6": 4,
      "7": 2,
      "8": 2,
      "9": 4,
      "10": 4,
      "11": 2,
      "12": 4,
      "13": 4,
      "14": 4
    },
    "branchMap": {
      "0": {
        "type": "branch",
        "line": 3,
        "loc": {
          "start": { "line": 3, "column": 7 },
          "end": { "line": 15, "column": 1 }
        },
        "locations": [
          {
            "start": { "line": 3, "column": 7 },
            "end": { "line": 15, "column": 1 }
          }
        ]
      },
      "1": {
        "type": "branch",
        "line": 7,
        "loc": {
          "start": { "line": 7, "column": 37 },
          "end": { "line": 10, "column": 3 }
        },
        "locations": [
          {
            "start": { "line": 7, "column": 37 },
            "end": { "line": 10, "column": 3 }
          }
        ]
      },
      "2": {
        "type": "branch",
        "line": 11,
        "loc": {
          "start": { "line": 11, "column": 12 },
          "end": { "line": 13, "column": 5 }
        },
        "locations": [
          {
            "start": { "line": 11, "column": 12 },
            "end": { "line": 13, "column": 5 }
          }
        ]
      }
    },
    "b": { "0": [4], "1": [2], "2": [2] },
    "fnMap": {
      "0": {
        "name": "useLocalStorage",
        "decl": {
          "start": { "line": 3, "column": 7 },
          "end": { "line": 15, "column": 1 }
        },
        "loc": {
          "start": { "line": 3, "column": 7 },
          "end": { "line": 15, "column": 1 }
        },
        "line": 3
      }
    },
    "f": { "0": 4 }
  },
  "/Users/veronikakashlei/Desktop/rs-react-app/src/store/slices/selectedPokemonsSlice.ts": {
    "path": "/Users/veronikakashlei/Desktop/rs-react-app/src/store/slices/selectedPokemonsSlice.ts",
    "all": false,
    "statementMap": {
      "0": {
        "start": { "line": 1, "column": 0 },
        "end": { "line": 1, "column": 62 }
      },
      "2": {
        "start": { "line": 3, "column": 0 },
        "end": { "line": 3, "column": 48 }
      },
      "8": {
        "start": { "line": 9, "column": 0 },
        "end": { "line": 9, "column": 45 }
      },
      "9": {
        "start": { "line": 10, "column": 0 },
        "end": { "line": 10, "column": 15 }
      },
      "10": {
        "start": { "line": 11, "column": 0 },
        "end": { "line": 11, "column": 2 }
      },
      "12": {
        "start": { "line": 13, "column": 0 },
        "end": { "line": 13, "column": 50 }
      },
      "13": {
        "start": { "line": 14, "column": 0 },
        "end": { "line": 14, "column": 27 }
      },
      "14": {
        "start": { "line": 15, "column": 0 },
        "end": { "line": 15, "column": 15 }
      },
      "15": {
        "start": { "line": 16, "column": 0 },
        "end": { "line": 16, "column": 13 }
      },
      "16": {
        "start": { "line": 17, "column": 0 },
        "end": { "line": 17, "column": 72 }
      },
      "17": {
        "start": { "line": 18, "column": 0 },
        "end": { "line": 18, "column": 53 }
      },
      "18": {
        "start": { "line": 19, "column": 0 },
        "end": { "line": 19, "column": 63 }
      },
      "19": {
        "start": { "line": 20, "column": 0 },
        "end": { "line": 20, "column": 8 }
      },
      "21": {
        "start": { "line": 22, "column": 0 },
        "end": { "line": 22, "column": 31 }
      },
      "22": {
        "start": { "line": 23, "column": 0 },
        "end": { "line": 23, "column": 48 }
      },
      "23": {
        "start": { "line": 24, "column": 0 },
        "end": { "line": 24, "column": 14 }
      },
      "24": {
        "start": { "line": 25, "column": 0 },
        "end": { "line": 25, "column": 44 }
      },
      "25": {
        "start": { "line": 26, "column": 0 },
        "end": { "line": 26, "column": 7 }
      },
      "26": {
        "start": { "line": 27, "column": 0 },
        "end": { "line": 27, "column": 6 }
      },
      "27": {
        "start": { "line": 28, "column": 0 },
        "end": { "line": 28, "column": 39 }
      },
      "28": {
        "start": { "line": 29, "column": 0 },
        "end": { "line": 29, "column": 26 }
      },
      "29": {
        "start": { "line": 30, "column": 0 },
        "end": { "line": 30, "column": 6 }
      },
      "30": {
        "start": { "line": 31, "column": 0 },
        "end": { "line": 31, "column": 4 }
      },
      "31": {
        "start": { "line": 32, "column": 0 },
        "end": { "line": 32, "column": 3 }
      },
      "33": {
        "start": { "line": 34, "column": 0 },
        "end": { "line": 34, "column": 64 }
      },
      "34": {
        "start": { "line": 35, "column": 0 },
        "end": { "line": 35, "column": 32 }
      },
      "35": {
        "start": { "line": 36, "column": 0 },
        "end": { "line": 36, "column": 45 }
      }
    },
    "s": {
      "0": 1,
      "2": 1,
      "8": 1,
      "9": 1,
      "10": 1,
      "12": 1,
      "13": 1,
      "14": 1,
      "15": 1,
      "16": 1,
      "17": 1,
      "18": 1,
      "19": 1,
      "21": 1,
      "22": 0,
      "23": 1,
      "24": 1,
      "25": 1,
      "26": 1,
      "27": 1,
      "28": 1,
      "29": 1,
      "30": 1,
      "31": 1,
      "33": 1,
      "34": 1,
      "35": 1
    },
    "branchMap": {
      "0": {
        "type": "branch",
        "line": 17,
        "loc": {
          "start": { "line": 17, "column": 28 },
          "end": { "line": 27, "column": 6 }
        },
        "locations": [
          {
            "start": { "line": 17, "column": 28 },
            "end": { "line": 27, "column": 6 }
          }
        ]
      },
      "1": {
        "type": "branch",
        "line": 22,
        "loc": {
          "start": { "line": 22, "column": 30 },
          "end": { "line": 24, "column": 13 }
        },
        "locations": [
          {
            "start": { "line": 22, "column": 30 },
            "end": { "line": 24, "column": 13 }
          }
        ]
      },
      "2": {
        "type": "branch",
        "line": 28,
        "loc": {
          "start": { "line": 28, "column": 27 },
          "end": { "line": 30, "column": 6 }
        },
        "locations": [
          {
            "start": { "line": 28, "column": 27 },
            "end": { "line": 30, "column": 6 }
          }
        ]
      }
    },
    "b": { "0": [1], "1": [0], "2": [1] },
    "fnMap": {
      "0": {
        "name": "togglePokemonSelection",
        "decl": {
          "start": { "line": 17, "column": 28 },
          "end": { "line": 27, "column": 6 }
        },
        "loc": {
          "start": { "line": 17, "column": 28 },
          "end": { "line": 27, "column": 6 }
        },
        "line": 17
      },
      "1": {
        "name": "clearSelectedPokemons",
        "decl": {
          "start": { "line": 28, "column": 27 },
          "end": { "line": 30, "column": 6 }
        },
        "loc": {
          "start": { "line": 28, "column": 27 },
          "end": { "line": 30, "column": 6 }
        },
        "line": 28
      }
    },
    "f": { "0": 1, "1": 1 }
  }
}
